[INFO ]2016-02-16 18:15:08,853-从list:task:submit队列中获取1个任务
[INFO ]2016-02-16 18:20:43,358-从list:task:submit队列中获取1个任务
[INFO ]2016-02-16 18:28:56,130-从list:task:submit队列中获取1个任务
[INFO ]2016-02-16 18:37:58,201-从list:task:submit队列中获取1个任务
[INFO ]2016-02-16 20:48:24,683-从list:task:submit队列中获取1个任务
[INFO ]2016-02-16 21:28:36,602-从list:task:submit队列中获取1个任务
[INFO ]2016-02-16 21:37:18,402-从list:task:submit队列中获取1个任务
[INFO ]2016-02-16 21:43:43,922-从list:task:submit队列中获取1个任务
[INFO ]2016-02-16 21:47:01,423-从list:task:submit队列中获取1个任务
[INFO ]2016-02-16 21:47:37,732-MLog clients using log4j logging.
[DEBUG]2016-02-16 21:47:37,811-Could not find resource path text file for path '/com/mchange/v2/cfg/vmConfigResourcePaths.txt'. Skipping.
[DEBUG]2016-02-16 21:47:37,811-Added paths from resource path text file at '/mchange-config-resource-paths.txt'
[DEBUG]2016-02-16 21:47:37,811-Reading VM config for path list /com/mchange/v2/log/default-mchange-log.properties, /mchange-commons.properties, /c3p0.properties, hocon:/reference,/application,/c3p0,/, /mchange-log.properties, /
[DEBUG]2016-02-16 21:47:37,811-The configuration file for resource identifier '/mchange-commons.properties' could not be found. Skipping.
[DEBUG]2016-02-16 21:47:37,811-The configuration file for resource identifier '/c3p0.properties' could not be found. Skipping.
[DEBUG]2016-02-16 21:47:37,811-The configuration file for resource identifier 'hocon:/reference,/application,/c3p0,/' could not be found. Skipping.
[DEBUG]2016-02-16 21:47:37,811-The configuration file for resource identifier '/mchange-log.properties' could not be found. Skipping.
[DEBUG]2016-02-16 21:47:37,811-Config available to MLog library: com.mchange.v2.cfg.BasicMultiPropertiesConfig@721bdf30 [ propertiesByResourcePaths -> {/={java.runtime.name=Java(TM) SE Runtime Environment, sun.boot.library.path=E:\Program Files\Java\jdk1.7.0_79\jre\bin, java.vm.version=24.79-b02, java.vm.vendor=Oracle Corporation, java.vendor.url=http://java.oracle.com/, path.separator=;, java.vm.name=Java HotSpot(TM) 64-Bit Server VM, file.encoding.pkg=sun.io, user.country=CN, user.script=, sun.java.launcher=SUN_STANDARD, sun.os.patch.level=Service Pack 1, java.vm.specification.name=Java Virtual Machine Specification, user.dir=F:\myeclipsWorkSpaces\TaskDispatcher, java.runtime.version=1.7.0_79-b15, java.awt.graphicsenv=sun.awt.Win32GraphicsEnvironment, java.endorsed.dirs=E:\Program Files\Java\jdk1.7.0_79\jre\lib\endorsed, os.arch=amd64, java.io.tmpdir=C:\Users\ADMINI~1\AppData\Local\Temp\, line.separator=
, java.vm.specification.vendor=Oracle Corporation, user.variant=, os.name=Windows 7, sun.jnu.encoding=GBK, java.library.path=E:\Program Files\Java\jdk1.7.0_79\jre\bin;C:\Windows\Sun\Java\bin;C:\Windows\system32;C:\Windows;E:\Program Files\Java\jdk1.7.0_79\jre\bin;C:/Users/Administrator/AppData/Local/Genuitec/Common/binary/com.sun.java.jdk.win32.x86_1.6.0.013/jre/bin/client;C:/Users/Administrator/AppData/Local/Genuitec/Common/binary/com.sun.java.jdk.win32.x86_1.6.0.013/jre/bin;D:\mongodb\bin;D:\jdk6\bin;C:\ProgramData\Oracle\Java\javapath;D:\oracle\product\11.2.0\dbhome_1\bin;C:\Windows\system32;C:\Windows;C:\Windows\System32\Wbem;C:\Windows\System32\WindowsPowerShell\v1.0\;D:\svn\bin;C:\Program Files (x86)\MySQL\MySQL Server 5.5\bin;D:\work\apache-maven-3.3.3-bin\apache-maven-3.3.3\bin;C:\Program Files (x86)\scala\bin;F:\java自学网（javazx.com）maven视频教程\nexus-latest-bundle\nexus-2.8.1-01\bin;D:\nodejs\;C:\Users\Administrator\AppData\Roaming\npm;., java.specification.name=Java Platform API Specification, java.class.version=51.0, sun.management.compiler=HotSpot 64-Bit Tiered Compilers, os.version=6.1, user.home=C:\Users\Administrator, user.timezone=Asia/Shanghai, java.awt.printerjob=sun.awt.windows.WPrinterJob, file.encoding=GBK, java.specification.version=1.7, java.class.path=F:\myeclipsWorkSpaces\TaskDispatcher\bin;F:\myeclipsWorkSpaces\TaskDispatcher\lib\mchange-commons-java-0.2.10.jar;F:\myeclipsWorkSpaces\TaskDispatcher\lib\c3p0-0.9.5.1.jar;F:\myeclipsWorkSpaces\TaskDispatcher\lib\commons-pool-1.6.jar;F:\myeclipsWorkSpaces\TaskDispatcher\lib\jedis-2.1.0.jar;F:\myeclipsWorkSpaces\TaskDispatcher\lib\log4j-1.2.17.jar;F:\myeclipsWorkSpaces\TaskDispatcher\lib\fastjson-1.1.22.jar;F:\myeclipsWorkSpaces\TaskDispatcher\lib\mysql-connector-java-5.1.18.jar, user.name=Administrator, java.vm.specification.version=1.7, sun.java.command=com.bjym.mobiledata.taskdispatcher.Start_TaskProcessor, java.home=E:\Program Files\Java\jdk1.7.0_79\jre, sun.arch.data.model=64, user.language=zh, java.specification.vendor=Oracle Corporation, awt.toolkit=sun.awt.windows.WToolkit, java.vm.info=mixed mode, java.version=1.7.0_79, java.ext.dirs=E:\Program Files\Java\jdk1.7.0_79\jre\lib\ext;C:\Windows\Sun\Java\lib\ext, sun.boot.class.path=E:\Program Files\Java\jdk1.7.0_79\jre\lib\resources.jar;E:\Program Files\Java\jdk1.7.0_79\jre\lib\rt.jar;E:\Program Files\Java\jdk1.7.0_79\jre\lib\sunrsasign.jar;E:\Program Files\Java\jdk1.7.0_79\jre\lib\jsse.jar;E:\Program Files\Java\jdk1.7.0_79\jre\lib\jce.jar;E:\Program Files\Java\jdk1.7.0_79\jre\lib\charsets.jar;E:\Program Files\Java\jdk1.7.0_79\jre\lib\jfr.jar;E:\Program Files\Java\jdk1.7.0_79\jre\classes, java.vendor=Oracle Corporation, file.separator=\, java.vendor.url.bug=http://bugreport.sun.com/bugreport/, sun.io.unicode.encoding=UnicodeLittle, sun.cpu.endian=little, sun.desktop=windows, sun.cpu.isalist=amd64}, /com/mchange/v2/log/default-mchange-log.properties={com.mchange.v2.log.jdk14logging.suppressStackWalk=true}}, propertiesByPrefixes -> {sun.management={sun.management.compiler=HotSpot 64-Bit Tiered Compilers}, ={java.runtime.name=Java(TM) SE Runtime Environment, sun.boot.library.path=E:\Program Files\Java\jdk1.7.0_79\jre\bin, java.vm.version=24.79-b02, java.vm.vendor=Oracle Corporation, java.vendor.url=http://java.oracle.com/, path.separator=;, java.vm.name=Java HotSpot(TM) 64-Bit Server VM, file.encoding.pkg=sun.io, user.script=, user.country=CN, sun.java.launcher=SUN_STANDARD, sun.os.patch.level=Service Pack 1, java.vm.specification.name=Java Virtual Machine Specification, user.dir=F:\myeclipsWorkSpaces\TaskDispatcher, java.runtime.version=1.7.0_79-b15, java.awt.graphicsenv=sun.awt.Win32GraphicsEnvironment, java.endorsed.dirs=E:\Program Files\Java\jdk1.7.0_79\jre\lib\endorsed, os.arch=amd64, java.io.tmpdir=C:\Users\ADMINI~1\AppData\Local\Temp\, line.separator=
, java.vm.specification.vendor=Oracle Corporation, user.variant=, os.name=Windows 7, sun.jnu.encoding=GBK, java.library.path=E:\Program Files\Java\jdk1.7.0_79\jre\bin;C:\Windows\Sun\Java\bin;C:\Windows\system32;C:\Windows;E:\Program Files\Java\jdk1.7.0_79\jre\bin;C:/Users/Administrator/AppData/Local/Genuitec/Common/binary/com.sun.java.jdk.win32.x86_1.6.0.013/jre/bin/client;C:/Users/Administrator/AppData/Local/Genuitec/Common/binary/com.sun.java.jdk.win32.x86_1.6.0.013/jre/bin;D:\mongodb\bin;D:\jdk6\bin;C:\ProgramData\Oracle\Java\javapath;D:\oracle\product\11.2.0\dbhome_1\bin;C:\Windows\system32;C:\Windows;C:\Windows\System32\Wbem;C:\Windows\System32\WindowsPowerShell\v1.0\;D:\svn\bin;C:\Program Files (x86)\MySQL\MySQL Server 5.5\bin;D:\work\apache-maven-3.3.3-bin\apache-maven-3.3.3\bin;C:\Program Files (x86)\scala\bin;F:\java自学网（javazx.com）maven视频教程\nexus-latest-bundle\nexus-2.8.1-01\bin;D:\nodejs\;C:\Users\Administrator\AppData\Roaming\npm;., java.specification.name=Java Platform API Specification, java.class.version=51.0, sun.management.compiler=HotSpot 64-Bit Tiered Compilers, os.version=6.1, user.home=C:\Users\Administrator, user.timezone=Asia/Shanghai, java.awt.printerjob=sun.awt.windows.WPrinterJob, file.encoding=GBK, java.specification.version=1.7, user.name=Administrator, java.class.path=F:\myeclipsWorkSpaces\TaskDispatcher\bin;F:\myeclipsWorkSpaces\TaskDispatcher\lib\mchange-commons-java-0.2.10.jar;F:\myeclipsWorkSpaces\TaskDispatcher\lib\c3p0-0.9.5.1.jar;F:\myeclipsWorkSpaces\TaskDispatcher\lib\commons-pool-1.6.jar;F:\myeclipsWorkSpaces\TaskDispatcher\lib\jedis-2.1.0.jar;F:\myeclipsWorkSpaces\TaskDispatcher\lib\log4j-1.2.17.jar;F:\myeclipsWorkSpaces\TaskDispatcher\lib\fastjson-1.1.22.jar;F:\myeclipsWorkSpaces\TaskDispatcher\lib\mysql-connector-java-5.1.18.jar, java.vm.specification.version=1.7, sun.arch.data.model=64, java.home=E:\Program Files\Java\jdk1.7.0_79\jre, sun.java.command=com.bjym.mobiledata.taskdispatcher.Start_TaskProcessor, java.specification.vendor=Oracle Corporation, user.language=zh, awt.toolkit=sun.awt.windows.WToolkit, java.vm.info=mixed mode, java.version=1.7.0_79, java.ext.dirs=E:\Program Files\Java\jdk1.7.0_79\jre\lib\ext;C:\Windows\Sun\Java\lib\ext, sun.boot.class.path=E:\Program Files\Java\jdk1.7.0_79\jre\lib\resources.jar;E:\Program Files\Java\jdk1.7.0_79\jre\lib\rt.jar;E:\Program Files\Java\jdk1.7.0_79\jre\lib\sunrsasign.jar;E:\Program Files\Java\jdk1.7.0_79\jre\lib\jsse.jar;E:\Program Files\Java\jdk1.7.0_79\jre\lib\jce.jar;E:\Program Files\Java\jdk1.7.0_79\jre\lib\charsets.jar;E:\Program Files\Java\jdk1.7.0_79\jre\lib\jfr.jar;E:\Program Files\Java\jdk1.7.0_79\jre\classes, java.vendor=Oracle Corporation, file.separator=\, java.vendor.url.bug=http://bugreport.sun.com/bugreport/, sun.cpu.endian=little, sun.io.unicode.encoding=UnicodeLittle, com.mchange.v2.log.jdk14logging.suppressStackWalk=true, sun.desktop=windows, sun.cpu.isalist=amd64}, sun.os.patch={sun.os.patch.level=Service Pack 1}, java.endorsed={java.endorsed.dirs=E:\Program Files\Java\jdk1.7.0_79\jre\lib\endorsed}, com={com.mchange.v2.log.jdk14logging.suppressStackWalk=true}, java.vendor.url={java.vendor.url.bug=http://bugreport.sun.com/bugreport/}, java.vm={java.vm.version=24.79-b02, java.vm.specification.vendor=Oracle Corporation, java.vm.specification.name=Java Virtual Machine Specification, java.vm.name=Java HotSpot(TM) 64-Bit Server VM, java.vm.specification.version=1.7, java.vm.vendor=Oracle Corporation, java.vm.info=mixed mode}, line={line.separator=
}, sun.io.unicode={sun.io.unicode.encoding=UnicodeLittle}, com.mchange={com.mchange.v2.log.jdk14logging.suppressStackWalk=true}, sun.boot.library={sun.boot.library.path=E:\Program Files\Java\jdk1.7.0_79\jre\bin}, sun={sun.arch.data.model=64, sun.java.launcher=SUN_STANDARD, sun.desktop=windows, sun.java.command=com.bjym.mobiledata.taskdispatcher.Start_TaskProcessor, sun.os.patch.level=Service Pack 1, sun.management.compiler=HotSpot 64-Bit Tiered Compilers, sun.boot.class.path=E:\Program Files\Java\jdk1.7.0_79\jre\lib\resources.jar;E:\Program Files\Java\jdk1.7.0_79\jre\lib\rt.jar;E:\Program Files\Java\jdk1.7.0_79\jre\lib\sunrsasign.jar;E:\Program Files\Java\jdk1.7.0_79\jre\lib\jsse.jar;E:\Program Files\Java\jdk1.7.0_79\jre\lib\jce.jar;E:\Program Files\Java\jdk1.7.0_79\jre\lib\charsets.jar;E:\Program Files\Java\jdk1.7.0_79\jre\lib\jfr.jar;E:\Program Files\Java\jdk1.7.0_79\jre\classes, sun.jnu.encoding=GBK, sun.cpu.isalist=amd64, sun.boot.library.path=E:\Program Files\Java\jdk1.7.0_79\jre\bin, sun.cpu.endian=little, sun.io.unicode.encoding=UnicodeLittle}, java.specification={java.specification.version=1.7, java.specification.vendor=Oracle Corporation, java.specification.name=Java Platform API Specification}, sun.io={sun.io.unicode.encoding=UnicodeLittle}, java.io={java.io.tmpdir=C:\Users\ADMINI~1\AppData\Local\Temp\}, file={file.separator=\, file.encoding.pkg=sun.io, file.encoding=GBK}, sun.os={sun.os.patch.level=Service Pack 1}, path={path.separator=;}, java.vm.specification={java.vm.specification.vendor=Oracle Corporation, java.vm.specification.name=Java Virtual Machine Specification, java.vm.specification.version=1.7}, com.mchange.v2.log={com.mchange.v2.log.jdk14logging.suppressStackWalk=true}, sun.boot={sun.boot.library.path=E:\Program Files\Java\jdk1.7.0_79\jre\bin, sun.boot.class.path=E:\Program Files\Java\jdk1.7.0_79\jre\lib\resources.jar;E:\Program Files\Java\jdk1.7.0_79\jre\lib\rt.jar;E:\Program Files\Java\jdk1.7.0_79\jre\lib\sunrsasign.jar;E:\Program Files\Java\jdk1.7.0_79\jre\lib\jsse.jar;E:\Program Files\Java\jdk1.7.0_79\jre\lib\jce.jar;E:\Program Files\Java\jdk1.7.0_79\jre\lib\charsets.jar;E:\Program Files\Java\jdk1.7.0_79\jre\lib\jfr.jar;E:\Program Files\Java\jdk1.7.0_79\jre\classes}, file.encoding={file.encoding.pkg=sun.io}, java.awt={java.awt.printerjob=sun.awt.windows.WPrinterJob, java.awt.graphicsenv=sun.awt.Win32GraphicsEnvironment}, os={os.version=6.1, os.name=Windows 7, os.arch=amd64}, com.mchange.v2.log.jdk14logging={com.mchange.v2.log.jdk14logging.suppressStackWalk=true}, sun.arch.data={sun.arch.data.model=64}, sun.jnu={sun.jnu.encoding=GBK}, java.runtime={java.runtime.version=1.7.0_79-b15, java.runtime.name=Java(TM) SE Runtime Environment}, awt={awt.toolkit=sun.awt.windows.WToolkit}, java.ext={java.ext.dirs=E:\Program Files\Java\jdk1.7.0_79\jre\lib\ext;C:\Windows\Sun\Java\lib\ext}, java.library={java.library.path=E:\Program Files\Java\jdk1.7.0_79\jre\bin;C:\Windows\Sun\Java\bin;C:\Windows\system32;C:\Windows;E:\Program Files\Java\jdk1.7.0_79\jre\bin;C:/Users/Administrator/AppData/Local/Genuitec/Common/binary/com.sun.java.jdk.win32.x86_1.6.0.013/jre/bin/client;C:/Users/Administrator/AppData/Local/Genuitec/Common/binary/com.sun.java.jdk.win32.x86_1.6.0.013/jre/bin;D:\mongodb\bin;D:\jdk6\bin;C:\ProgramData\Oracle\Java\javapath;D:\oracle\product\11.2.0\dbhome_1\bin;C:\Windows\system32;C:\Windows;C:\Windows\System32\Wbem;C:\Windows\System32\WindowsPowerShell\v1.0\;D:\svn\bin;C:\Program Files (x86)\MySQL\MySQL Server 5.5\bin;D:\work\apache-maven-3.3.3-bin\apache-maven-3.3.3\bin;C:\Program Files (x86)\scala\bin;F:\java自学网（javazx.com）maven视频教程\nexus-latest-bundle\nexus-2.8.1-01\bin;D:\nodejs\;C:\Users\Administrator\AppData\Roaming\npm;.}, sun.boot.class={sun.boot.class.path=E:\Program Files\Java\jdk1.7.0_79\jre\lib\resources.jar;E:\Program Files\Java\jdk1.7.0_79\jre\lib\rt.jar;E:\Program Files\Java\jdk1.7.0_79\jre\lib\sunrsasign.jar;E:\Program Files\Java\jdk1.7.0_79\jre\lib\jsse.jar;E:\Program Files\Java\jdk1.7.0_79\jre\lib\jce.jar;E:\Program Files\Java\jdk1.7.0_79\jre\lib\charsets.jar;E:\Program Files\Java\jdk1.7.0_79\jre\lib\jfr.jar;E:\Program Files\Java\jdk1.7.0_79\jre\classes}, sun.arch={sun.arch.data.model=64}, java={java.class.path=F:\myeclipsWorkSpaces\TaskDispatcher\bin;F:\myeclipsWorkSpaces\TaskDispatcher\lib\mchange-commons-java-0.2.10.jar;F:\myeclipsWorkSpaces\TaskDispatcher\lib\c3p0-0.9.5.1.jar;F:\myeclipsWorkSpaces\TaskDispatcher\lib\commons-pool-1.6.jar;F:\myeclipsWorkSpaces\TaskDispatcher\lib\jedis-2.1.0.jar;F:\myeclipsWorkSpaces\TaskDispatcher\lib\log4j-1.2.17.jar;F:\myeclipsWorkSpaces\TaskDispatcher\lib\fastjson-1.1.22.jar;F:\myeclipsWorkSpaces\TaskDispatcher\lib\mysql-connector-java-5.1.18.jar, java.ext.dirs=E:\Program Files\Java\jdk1.7.0_79\jre\lib\ext;C:\Windows\Sun\Java\lib\ext, java.runtime.name=Java(TM) SE Runtime Environment, java.runtime.version=1.7.0_79-b15, java.vendor=Oracle Corporation, java.specification.version=1.7, java.class.version=51.0, java.specification.name=Java Platform API Specification, java.vendor.url=http://java.oracle.com/, java.awt.printerjob=sun.awt.windows.WPrinterJob, java.vm.version=24.79-b02, java.home=E:\Program Files\Java\jdk1.7.0_79\jre, java.endorsed.dirs=E:\Program Files\Java\jdk1.7.0_79\jre\lib\endorsed, java.version=1.7.0_79, java.vm.specification.version=1.7, java.awt.graphicsenv=sun.awt.Win32GraphicsEnvironment, java.vendor.url.bug=http://bugreport.sun.com/bugreport/, java.specification.vendor=Oracle Corporation, java.vm.specification.name=Java Virtual Machine Specification, java.vm.vendor=Oracle Corporation, java.vm.info=mixed mode, java.library.path=E:\Program Files\Java\jdk1.7.0_79\jre\bin;C:\Windows\Sun\Java\bin;C:\Windows\system32;C:\Windows;E:\Program Files\Java\jdk1.7.0_79\jre\bin;C:/Users/Administrator/AppData/Local/Genuitec/Common/binary/com.sun.java.jdk.win32.x86_1.6.0.013/jre/bin/client;C:/Users/Administrator/AppData/Local/Genuitec/Common/binary/com.sun.java.jdk.win32.x86_1.6.0.013/jre/bin;D:\mongodb\bin;D:\jdk6\bin;C:\ProgramData\Oracle\Java\javapath;D:\oracle\product\11.2.0\dbhome_1\bin;C:\Windows\system32;C:\Windows;C:\Windows\System32\Wbem;C:\Windows\System32\WindowsPowerShell\v1.0\;D:\svn\bin;C:\Program Files (x86)\MySQL\MySQL Server 5.5\bin;D:\work\apache-maven-3.3.3-bin\apache-maven-3.3.3\bin;C:\Program Files (x86)\scala\bin;F:\java自学网（javazx.com）maven视频教程\nexus-latest-bundle\nexus-2.8.1-01\bin;D:\nodejs\;C:\Users\Administrator\AppData\Roaming\npm;., java.vm.specification.vendor=Oracle Corporation, java.vm.name=Java HotSpot(TM) 64-Bit Server VM, java.io.tmpdir=C:\Users\ADMINI~1\AppData\Local\Temp\}, java.vendor={java.vendor.url.bug=http://bugreport.sun.com/bugreport/, java.vendor.url=http://java.oracle.com/}, sun.java={sun.java.launcher=SUN_STANDARD, sun.java.command=com.bjym.mobiledata.taskdispatcher.Start_TaskProcessor}, sun.cpu={sun.cpu.endian=little, sun.cpu.isalist=amd64}, com.mchange.v2={com.mchange.v2.log.jdk14logging.suppressStackWalk=true}, user={user.name=Administrator, user.timezone=Asia/Shanghai, user.country=CN, user.dir=F:\myeclipsWorkSpaces\TaskDispatcher, user.home=C:\Users\Administrator, user.language=zh, user.script=, user.variant=}, java.class={java.class.path=F:\myeclipsWorkSpaces\TaskDispatcher\bin;F:\myeclipsWorkSpaces\TaskDispatcher\lib\mchange-commons-java-0.2.10.jar;F:\myeclipsWorkSpaces\TaskDispatcher\lib\c3p0-0.9.5.1.jar;F:\myeclipsWorkSpaces\TaskDispatcher\lib\commons-pool-1.6.jar;F:\myeclipsWorkSpaces\TaskDispatcher\lib\jedis-2.1.0.jar;F:\myeclipsWorkSpaces\TaskDispatcher\lib\log4j-1.2.17.jar;F:\myeclipsWorkSpaces\TaskDispatcher\lib\fastjson-1.1.22.jar;F:\myeclipsWorkSpaces\TaskDispatcher\lib\mysql-connector-java-5.1.18.jar, java.class.version=51.0}} ]
[DEBUG]2016-02-16 21:47:37,826-Could not find resource path text file for path '/com/mchange/v2/cfg/vmConfigResourcePaths.txt'. Skipping.
[DEBUG]2016-02-16 21:47:37,826-Added paths from resource path text file at '/mchange-config-resource-paths.txt'
[DEBUG]2016-02-16 21:47:37,826-The configuration file for resource identifier '/mchange-commons.properties' could not be found. Skipping.
[DEBUG]2016-02-16 21:47:37,826-The configuration file for resource identifier '/mchange-log.properties' could not be found. Skipping.
[DEBUG]2016-02-16 21:47:37,826-The configuration file for resource identifier 'hocon:/reference,/application,/c3p0,/' could not be found. Skipping.
[DEBUG]2016-02-16 21:47:37,826-The configuration file for resource identifier '/c3p0.properties' could not be found. Skipping.
[INFO ]2016-02-16 21:47:39,418-Initializing c3p0-0.9.5.1 [built 16-June-2015 00:06:36 -0700; debug? true; trace: 10]
[DEBUG]2016-02-16 21:47:39,653-MBean: com.mchange.v2.c3p0:type=PooledDataSource,identityToken=1hge6f59e1t0py2l1upbafb|2852a665,name=1hge6f59e1t0py2l1upbafb|2852a665 registered.
[DEBUG]2016-02-16 21:47:39,809-MBean: com.mchange.v2.c3p0:type=PooledDataSource,identityToken=1hge6f59e1t0py2l1upbafb|2852a665,name=1hge6f59e1t0py2l1upbafb|2852a665 unregistered, in order to be reregistered after update.
[DEBUG]2016-02-16 21:47:39,809-MBean: com.mchange.v2.c3p0:type=PooledDataSource,identityToken=1hge6f59e1t0py2l1upbafb|2852a665,name=1hge6f59e1t0py2l1upbafb|2852a665 registered.
[INFO ]2016-02-16 21:47:39,887-Initializing c3p0 pool... com.mchange.v2.c3p0.ComboPooledDataSource [ acquireIncrement -> 2, acquireRetryAttempts -> 60, acquireRetryDelay -> 3000, autoCommitOnClose -> false, automaticTestTable -> null, breakAfterAcquireFailure -> false, checkoutTimeout -> 0, connectionCustomizerClassName -> null, connectionTesterClassName -> com.mchange.v2.c3p0.impl.DefaultConnectionTester, contextClassLoaderSource -> caller, dataSourceName -> 1hge6f59e1t0py2l1upbafb|2852a665, debugUnreturnedConnectionStackTraces -> false, description -> null, driverClass -> com.mysql.jdbc.Driver, extensions -> {}, factoryClassLocation -> null, forceIgnoreUnresolvedTransactions -> false, forceSynchronousCheckins -> false, forceUseNamedDriverClass -> false, identityToken -> 1hge6f59e1t0py2l1upbafb|2852a665, idleConnectionTestPeriod -> 600, initialPoolSize -> 3, jdbcUrl -> jdbc:mysql://127.0.0.1:3306/db_client, maxAdministrativeTaskTime -> 0, maxConnectionAge -> 0, maxIdleTime -> 6000, maxIdleTimeExcessConnections -> 0, maxPoolSize -> 10, maxStatements -> 0, maxStatementsPerConnection -> 0, minPoolSize -> 3, numHelperThreads -> 3, preferredTestQuery -> select sysdate() from dual, privilegeSpawnedThreads -> false, properties -> {user=******, password=******}, propertyCycle -> 300, statementCacheNumDeferredCloseThreads -> 0, testConnectionOnCheckin -> true, testConnectionOnCheckout -> false, unreturnedConnectionTimeout -> 0, userOverrides -> {}, usesTraditionalReflectiveProxies -> false ]
[DEBUG]2016-02-16 21:47:40,089-Could not find resource path text file for path '/com/mchange/v2/cfg/vmConfigResourcePaths.txt'. Skipping.
[DEBUG]2016-02-16 21:47:40,089-Added paths from resource path text file at '/mchange-config-resource-paths.txt'
[DEBUG]2016-02-16 21:47:40,089-The configuration file for resource identifier '/mchange-commons.properties' could not be found. Skipping.
[DEBUG]2016-02-16 21:47:40,089-The configuration file for resource identifier '/mchange-log.properties' could not be found. Skipping.
[DEBUG]2016-02-16 21:47:40,089-The configuration file for resource identifier '/c3p0.properties' could not be found. Skipping.
[DEBUG]2016-02-16 21:47:40,089-The configuration file for resource identifier 'hocon:/reference,/application,/c3p0,/' could not be found. Skipping.
[DEBUG]2016-02-16 21:47:40,105-incremented pending_acquires: 1
[DEBUG]2016-02-16 21:47:40,105-Starting acquisition series. Incremented pending_acquires [1],  attempts_remaining: 60
[DEBUG]2016-02-16 21:47:40,105-com.mchange.v2.async.ThreadPoolAsynchronousRunner@4d182e1e: Adding task to queue -- com.mchange.v2.resourcepool.BasicResourcePool$ScatteredAcquireTask@6e7bdb1c
[DEBUG]2016-02-16 21:47:40,105-incremented pending_acquires: 2
[DEBUG]2016-02-16 21:47:40,105-Starting acquisition series. Incremented pending_acquires [2],  attempts_remaining: 60
[DEBUG]2016-02-16 21:47:40,105-com.mchange.v2.async.ThreadPoolAsynchronousRunner@4d182e1e: Adding task to queue -- com.mchange.v2.resourcepool.BasicResourcePool$ScatteredAcquireTask@52b2f956
[DEBUG]2016-02-16 21:47:40,105-incremented pending_acquires: 3
[DEBUG]2016-02-16 21:47:40,105-Starting acquisition series. Incremented pending_acquires [3],  attempts_remaining: 60
[DEBUG]2016-02-16 21:47:40,105-com.mchange.v2.async.ThreadPoolAsynchronousRunner@4d182e1e: Adding task to queue -- com.mchange.v2.resourcepool.BasicResourcePool$ScatteredAcquireTask@640fa784
[DEBUG]2016-02-16 21:47:40,105-com.mchange.v2.resourcepool.BasicResourcePool@2ca44b35 config: [start -> 3; min -> 3; max -> 10; inc -> 2; num_acq_attempts -> 60; acq_attempt_delay -> 3000; check_idle_resources_delay -> 600000; max_resource_age -> 0; max_idle_time -> 6000000; excess_max_idle_time -> 0; destroy_unreturned_resc_time -> 0; expiration_enforcement_delay -> 300000; break_on_acquisition_failure -> false; debug_store_checkout_exceptions -> false; force_synchronous_checkins -> false]
[DEBUG]2016-02-16 21:47:40,105-Created new pool for auth, username (masked): 'ro******'.
[DEBUG]2016-02-16 21:47:40,105-acquire test -- pool size: 0; target_pool_size: 3; desired target? 1
[DEBUG]2016-02-16 21:47:40,105-awaitAvailable(): [unknown]
[DEBUG]2016-02-16 21:47:40,105-trace com.mchange.v2.resourcepool.BasicResourcePool@2ca44b35 [managed: 0, unused: 0, excluded: 0]
[DEBUG]2016-02-16 21:47:41,337-com.mchange.v2.c3p0.impl.C3P0PooledConnectionPool$1PooledConnectionResourcePoolManager@1a8cc3ba.acquireResource() returning. 
[DEBUG]2016-02-16 21:47:41,337-com.mchange.v2.c3p0.impl.C3P0PooledConnectionPool$1PooledConnectionResourcePoolManager@1a8cc3ba.acquireResource() returning. 
[DEBUG]2016-02-16 21:47:41,337-com.mchange.v2.c3p0.impl.C3P0PooledConnectionPool$1PooledConnectionResourcePoolManager@1a8cc3ba.acquireResource() returning. 
[DEBUG]2016-02-16 21:47:41,337-trace com.mchange.v2.resourcepool.BasicResourcePool@2ca44b35 [managed: 1, unused: 1, excluded: 0]
[DEBUG]2016-02-16 21:47:41,337-decremented pending_acquires: 2
[DEBUG]2016-02-16 21:47:41,337-Acquisition series terminated successfully. Decremented pending_acquires [2],  attempts_remaining: 60
[DEBUG]2016-02-16 21:47:41,337-trace com.mchange.v2.resourcepool.BasicResourcePool@2ca44b35 [managed: 2, unused: 1, excluded: 0] (e.g. com.mchange.v2.c3p0.impl.NewPooledConnection@2b38113d)
[DEBUG]2016-02-16 21:47:41,353-decremented pending_acquires: 1
[DEBUG]2016-02-16 21:47:41,353-Acquisition series terminated successfully. Decremented pending_acquires [1],  attempts_remaining: 60
[DEBUG]2016-02-16 21:47:41,353-trace com.mchange.v2.resourcepool.BasicResourcePool@2ca44b35 [managed: 3, unused: 2, excluded: 0] (e.g. com.mchange.v2.c3p0.impl.NewPooledConnection@2b38113d)
[DEBUG]2016-02-16 21:47:41,353-decremented pending_acquires: 0
[DEBUG]2016-02-16 21:47:41,353-Acquisition series terminated successfully. Decremented pending_acquires [0],  attempts_remaining: 60
[DEBUG]2016-02-16 21:47:41,353-trace com.mchange.v2.resourcepool.BasicResourcePool@2ca44b35 [managed: 3, unused: 2, excluded: 0] (e.g. com.mchange.v2.c3p0.impl.NewPooledConnection@2b38113d)
[DEBUG]2016-02-16 21:47:41,526-com.mchange.v2.async.ThreadPoolAsynchronousRunner@4d182e1e: Adding task to queue -- com.mchange.v2.resourcepool.BasicResourcePool$1RefurbishCheckinResourceTask@2ac1d29e
[DEBUG]2016-02-16 21:47:41,526-trace com.mchange.v2.resourcepool.BasicResourcePool@2ca44b35 [managed: 3, unused: 2, excluded: 0] (e.g. com.mchange.v2.c3p0.impl.NewPooledConnection@2b38113d)
[DEBUG]2016-02-16 21:47:41,526-Testing PooledConnection [com.mchange.v2.c3p0.impl.NewPooledConnection@2b38113d] on CHECKIN.
[DEBUG]2016-02-16 21:47:41,526-trace com.mchange.v2.resourcepool.BasicResourcePool@2ca44b35 [managed: 3, unused: 1, excluded: 0] (e.g. com.mchange.v2.c3p0.impl.NewPooledConnection@2b38113d)
[DEBUG]2016-02-16 21:47:41,526-Test of PooledConnection [com.mchange.v2.c3p0.impl.NewPooledConnection@2b38113d] on CHECKIN has SUCCEEDED.
[DEBUG]2016-02-16 21:47:41,809-com.mchange.v2.async.ThreadPoolAsynchronousRunner@4d182e1e: Adding task to queue -- com.mchange.v2.resourcepool.BasicResourcePool$1RefurbishCheckinResourceTask@604d3078
[DEBUG]2016-02-16 21:47:41,809-trace com.mchange.v2.resourcepool.BasicResourcePool@2ca44b35 [managed: 3, unused: 2, excluded: 0] (e.g. com.mchange.v2.c3p0.impl.NewPooledConnection@2b38113d)
[DEBUG]2016-02-16 21:47:41,809-Testing PooledConnection [com.mchange.v2.c3p0.impl.NewPooledConnection@215eaa28] on CHECKIN.
[ERROR]2016-02-16 21:47:41,809-18477182683号段表中没有匹配
[DEBUG]2016-02-16 21:47:41,809-trace com.mchange.v2.resourcepool.BasicResourcePool@2ca44b35 [managed: 3, unused: 1, excluded: 0] (e.g. com.mchange.v2.c3p0.impl.NewPooledConnection@2b38113d)
[DEBUG]2016-02-16 21:47:41,809-Test of PooledConnection [com.mchange.v2.c3p0.impl.NewPooledConnection@215eaa28] on CHECKIN has SUCCEEDED.
[DEBUG]2016-02-16 21:47:42,090-com.mchange.v2.c3p0.impl.NewPooledConnection@2b38113d handling a throwable.
com.mysql.jdbc.exceptions.jdbc4.MySQLIntegrityConstraintViolationException: Duplicate entry 'A145291674048827904' for key 'PRIMARY'
	at sun.reflect.NativeConstructorAccessorImpl.newInstance0(Native Method)
	at sun.reflect.NativeConstructorAccessorImpl.newInstance(NativeConstructorAccessorImpl.java:57)
	at sun.reflect.DelegatingConstructorAccessorImpl.newInstance(DelegatingConstructorAccessorImpl.java:45)
	at java.lang.reflect.Constructor.newInstance(Constructor.java:526)
	at com.mysql.jdbc.Util.handleNewInstance(Util.java:411)
	at com.mysql.jdbc.Util.getInstance(Util.java:386)
	at com.mysql.jdbc.SQLError.createSQLException(SQLError.java:1039)
	at com.mysql.jdbc.MysqlIO.checkErrorPacket(MysqlIO.java:3609)
	at com.mysql.jdbc.MysqlIO.checkErrorPacket(MysqlIO.java:3541)
	at com.mysql.jdbc.MysqlIO.sendCommand(MysqlIO.java:2002)
	at com.mysql.jdbc.MysqlIO.sqlQueryDirect(MysqlIO.java:2163)
	at com.mysql.jdbc.ConnectionImpl.execSQL(ConnectionImpl.java:2624)
	at com.mysql.jdbc.PreparedStatement.executeInternal(PreparedStatement.java:2127)
	at com.mysql.jdbc.PreparedStatement.executeUpdate(PreparedStatement.java:2427)
	at com.mysql.jdbc.PreparedStatement.executeUpdate(PreparedStatement.java:2345)
	at com.mysql.jdbc.PreparedStatement.executeUpdate(PreparedStatement.java:2330)
	at com.mchange.v2.c3p0.impl.NewProxyPreparedStatement.executeUpdate(NewProxyPreparedStatement.java:410)
	at com.bjym.mobiledata.db.LogSendDaoImp.addLogsend(LogSendDaoImp.java:56)
	at com.bjym.mobiledata.taskdispatcher.ThreadPoolTask.dispatcherTask(ThreadPoolTask.java:126)
	at com.bjym.mobiledata.taskdispatcher.ThreadPoolTask.run(ThreadPoolTask.java:42)
	at java.util.concurrent.ThreadPoolExecutor.runWorker(ThreadPoolExecutor.java:1145)
	at java.util.concurrent.ThreadPoolExecutor$Worker.run(ThreadPoolExecutor.java:615)
	at java.lang.Thread.run(Thread.java:745)
[DEBUG]2016-02-16 21:47:42,121-Attempted to convert SQLException to SQLException. Leaving it alone. [SQLState: 23000; errorCode: 1062]
com.mysql.jdbc.exceptions.jdbc4.MySQLIntegrityConstraintViolationException: Duplicate entry 'A145291674048827904' for key 'PRIMARY'
	at sun.reflect.NativeConstructorAccessorImpl.newInstance0(Native Method)
	at sun.reflect.NativeConstructorAccessorImpl.newInstance(NativeConstructorAccessorImpl.java:57)
	at sun.reflect.DelegatingConstructorAccessorImpl.newInstance(DelegatingConstructorAccessorImpl.java:45)
	at java.lang.reflect.Constructor.newInstance(Constructor.java:526)
	at com.mysql.jdbc.Util.handleNewInstance(Util.java:411)
	at com.mysql.jdbc.Util.getInstance(Util.java:386)
	at com.mysql.jdbc.SQLError.createSQLException(SQLError.java:1039)
	at com.mysql.jdbc.MysqlIO.checkErrorPacket(MysqlIO.java:3609)
	at com.mysql.jdbc.MysqlIO.checkErrorPacket(MysqlIO.java:3541)
	at com.mysql.jdbc.MysqlIO.sendCommand(MysqlIO.java:2002)
	at com.mysql.jdbc.MysqlIO.sqlQueryDirect(MysqlIO.java:2163)
	at com.mysql.jdbc.ConnectionImpl.execSQL(ConnectionImpl.java:2624)
	at com.mysql.jdbc.PreparedStatement.executeInternal(PreparedStatement.java:2127)
	at com.mysql.jdbc.PreparedStatement.executeUpdate(PreparedStatement.java:2427)
	at com.mysql.jdbc.PreparedStatement.executeUpdate(PreparedStatement.java:2345)
	at com.mysql.jdbc.PreparedStatement.executeUpdate(PreparedStatement.java:2330)
	at com.mchange.v2.c3p0.impl.NewProxyPreparedStatement.executeUpdate(NewProxyPreparedStatement.java:410)
	at com.bjym.mobiledata.db.LogSendDaoImp.addLogsend(LogSendDaoImp.java:56)
	at com.bjym.mobiledata.taskdispatcher.ThreadPoolTask.dispatcherTask(ThreadPoolTask.java:126)
	at com.bjym.mobiledata.taskdispatcher.ThreadPoolTask.run(ThreadPoolTask.java:42)
	at java.util.concurrent.ThreadPoolExecutor.runWorker(ThreadPoolExecutor.java:1145)
	at java.util.concurrent.ThreadPoolExecutor$Worker.run(ThreadPoolExecutor.java:615)
	at java.lang.Thread.run(Thread.java:745)
[DEBUG]2016-02-16 21:47:42,121-Testing a Connection in response to an Exception:
com.mysql.jdbc.exceptions.jdbc4.MySQLIntegrityConstraintViolationException: Duplicate entry 'A145291674048827904' for key 'PRIMARY'
	at sun.reflect.NativeConstructorAccessorImpl.newInstance0(Native Method)
	at sun.reflect.NativeConstructorAccessorImpl.newInstance(NativeConstructorAccessorImpl.java:57)
	at sun.reflect.DelegatingConstructorAccessorImpl.newInstance(DelegatingConstructorAccessorImpl.java:45)
	at java.lang.reflect.Constructor.newInstance(Constructor.java:526)
	at com.mysql.jdbc.Util.handleNewInstance(Util.java:411)
	at com.mysql.jdbc.Util.getInstance(Util.java:386)
	at com.mysql.jdbc.SQLError.createSQLException(SQLError.java:1039)
	at com.mysql.jdbc.MysqlIO.checkErrorPacket(MysqlIO.java:3609)
	at com.mysql.jdbc.MysqlIO.checkErrorPacket(MysqlIO.java:3541)
	at com.mysql.jdbc.MysqlIO.sendCommand(MysqlIO.java:2002)
	at com.mysql.jdbc.MysqlIO.sqlQueryDirect(MysqlIO.java:2163)
	at com.mysql.jdbc.ConnectionImpl.execSQL(ConnectionImpl.java:2624)
	at com.mysql.jdbc.PreparedStatement.executeInternal(PreparedStatement.java:2127)
	at com.mysql.jdbc.PreparedStatement.executeUpdate(PreparedStatement.java:2427)
	at com.mysql.jdbc.PreparedStatement.executeUpdate(PreparedStatement.java:2345)
	at com.mysql.jdbc.PreparedStatement.executeUpdate(PreparedStatement.java:2330)
	at com.mchange.v2.c3p0.impl.NewProxyPreparedStatement.executeUpdate(NewProxyPreparedStatement.java:410)
	at com.bjym.mobiledata.db.LogSendDaoImp.addLogsend(LogSendDaoImp.java:56)
	at com.bjym.mobiledata.taskdispatcher.ThreadPoolTask.dispatcherTask(ThreadPoolTask.java:126)
	at com.bjym.mobiledata.taskdispatcher.ThreadPoolTask.run(ThreadPoolTask.java:42)
	at java.util.concurrent.ThreadPoolExecutor.runWorker(ThreadPoolExecutor.java:1145)
	at java.util.concurrent.ThreadPoolExecutor$Worker.run(ThreadPoolExecutor.java:615)
	at java.lang.Thread.run(Thread.java:745)
[DEBUG]2016-02-16 21:47:42,152-com.mchange.v2.async.ThreadPoolAsynchronousRunner@4d182e1e: Adding task to queue -- com.mchange.v2.resourcepool.BasicResourcePool$1RefurbishCheckinResourceTask@133d5355
[DEBUG]2016-02-16 21:47:42,152-trace com.mchange.v2.resourcepool.BasicResourcePool@2ca44b35 [managed: 3, unused: 2, excluded: 0] (e.g. com.mchange.v2.c3p0.impl.NewPooledConnection@2b38113d)
[DEBUG]2016-02-16 21:47:42,152-Testing PooledConnection [com.mchange.v2.c3p0.impl.NewPooledConnection@2b38113d] on CHECKIN.
[DEBUG]2016-02-16 21:47:42,152-Test of PooledConnection [com.mchange.v2.c3p0.impl.NewPooledConnection@2b38113d] on CHECKIN has SUCCEEDED.
[DEBUG]2016-02-16 21:47:49,860-com.mchange.v2.async.ThreadPoolAsynchronousRunner$DeadlockDetector@3de3a840 -- Running DeadlockDetector[Exiting. No pending tasks.]
[DEBUG]2016-02-16 21:47:59,860-com.mchange.v2.async.ThreadPoolAsynchronousRunner$DeadlockDetector@3de3a840 -- Running DeadlockDetector[Exiting. No pending tasks.]
[DEBUG]2016-02-16 21:48:09,863-com.mchange.v2.async.ThreadPoolAsynchronousRunner$DeadlockDetector@3de3a840 -- Running DeadlockDetector[Exiting. No pending tasks.]
[DEBUG]2016-02-16 21:48:19,866-com.mchange.v2.async.ThreadPoolAsynchronousRunner$DeadlockDetector@3de3a840 -- Running DeadlockDetector[Exiting. No pending tasks.]
[DEBUG]2016-02-16 21:48:29,879-com.mchange.v2.async.ThreadPoolAsynchronousRunner$DeadlockDetector@3de3a840 -- Running DeadlockDetector[Exiting. No pending tasks.]
[DEBUG]2016-02-16 21:48:39,882-com.mchange.v2.async.ThreadPoolAsynchronousRunner$DeadlockDetector@3de3a840 -- Running DeadlockDetector[Exiting. No pending tasks.]
[DEBUG]2016-02-16 21:48:49,885-com.mchange.v2.async.ThreadPoolAsynchronousRunner$DeadlockDetector@3de3a840 -- Running DeadlockDetector[Exiting. No pending tasks.]
[DEBUG]2016-02-16 21:48:59,893-com.mchange.v2.async.ThreadPoolAsynchronousRunner$DeadlockDetector@3de3a840 -- Running DeadlockDetector[Exiting. No pending tasks.]
[DEBUG]2016-02-16 21:49:09,904-com.mchange.v2.async.ThreadPoolAsynchronousRunner$DeadlockDetector@3de3a840 -- Running DeadlockDetector[Exiting. No pending tasks.]
[DEBUG]2016-02-16 21:49:19,907-com.mchange.v2.async.ThreadPoolAsynchronousRunner$DeadlockDetector@3de3a840 -- Running DeadlockDetector[Exiting. No pending tasks.]
[DEBUG]2016-02-16 21:49:29,915-com.mchange.v2.async.ThreadPoolAsynchronousRunner$DeadlockDetector@3de3a840 -- Running DeadlockDetector[Exiting. No pending tasks.]
[DEBUG]2016-02-16 21:49:39,923-com.mchange.v2.async.ThreadPoolAsynchronousRunner$DeadlockDetector@3de3a840 -- Running DeadlockDetector[Exiting. No pending tasks.]
[DEBUG]2016-02-16 21:49:49,926-com.mchange.v2.async.ThreadPoolAsynchronousRunner$DeadlockDetector@3de3a840 -- Running DeadlockDetector[Exiting. No pending tasks.]
[DEBUG]2016-02-16 21:49:59,934-com.mchange.v2.async.ThreadPoolAsynchronousRunner$DeadlockDetector@3de3a840 -- Running DeadlockDetector[Exiting. No pending tasks.]
[DEBUG]2016-02-16 21:50:09,940-com.mchange.v2.async.ThreadPoolAsynchronousRunner$DeadlockDetector@3de3a840 -- Running DeadlockDetector[Exiting. No pending tasks.]
[DEBUG]2016-02-16 21:50:19,943-com.mchange.v2.async.ThreadPoolAsynchronousRunner$DeadlockDetector@3de3a840 -- Running DeadlockDetector[Exiting. No pending tasks.]
[DEBUG]2016-02-16 21:50:29,951-com.mchange.v2.async.ThreadPoolAsynchronousRunner$DeadlockDetector@3de3a840 -- Running DeadlockDetector[Exiting. No pending tasks.]
[DEBUG]2016-02-16 21:50:39,957-com.mchange.v2.async.ThreadPoolAsynchronousRunner$DeadlockDetector@3de3a840 -- Running DeadlockDetector[Exiting. No pending tasks.]
[DEBUG]2016-02-16 21:50:49,960-com.mchange.v2.async.ThreadPoolAsynchronousRunner$DeadlockDetector@3de3a840 -- Running DeadlockDetector[Exiting. No pending tasks.]
[DEBUG]2016-02-16 21:50:59,963-com.mchange.v2.async.ThreadPoolAsynchronousRunner$DeadlockDetector@3de3a840 -- Running DeadlockDetector[Exiting. No pending tasks.]
[DEBUG]2016-02-16 21:51:09,978-com.mchange.v2.async.ThreadPoolAsynchronousRunner$DeadlockDetector@3de3a840 -- Running DeadlockDetector[Exiting. No pending tasks.]
[INFO ]2016-02-16 21:51:18,291-从list:task:submit队列中获取1个任务
[DEBUG]2016-02-16 21:51:19,992-com.mchange.v2.async.ThreadPoolAsynchronousRunner$DeadlockDetector@3de3a840 -- Running DeadlockDetector[Exiting. No pending tasks.]
[DEBUG]2016-02-16 21:51:29,996-com.mchange.v2.async.ThreadPoolAsynchronousRunner$DeadlockDetector@3de3a840 -- Running DeadlockDetector[Exiting. No pending tasks.]
[DEBUG]2016-02-16 21:51:40,004-com.mchange.v2.async.ThreadPoolAsynchronousRunner$DeadlockDetector@3de3a840 -- Running DeadlockDetector[Exiting. No pending tasks.]
[DEBUG]2016-02-16 21:51:50,017-com.mchange.v2.async.ThreadPoolAsynchronousRunner$DeadlockDetector@3de3a840 -- Running DeadlockDetector[Exiting. No pending tasks.]
[DEBUG]2016-02-16 21:52:00,020-com.mchange.v2.async.ThreadPoolAsynchronousRunner$DeadlockDetector@3de3a840 -- Running DeadlockDetector[Exiting. No pending tasks.]
[DEBUG]2016-02-16 21:52:10,028-com.mchange.v2.async.ThreadPoolAsynchronousRunner$DeadlockDetector@3de3a840 -- Running DeadlockDetector[Exiting. No pending tasks.]
[DEBUG]2016-02-16 21:52:20,036-com.mchange.v2.async.ThreadPoolAsynchronousRunner$DeadlockDetector@3de3a840 -- Running DeadlockDetector[Exiting. No pending tasks.]
[DEBUG]2016-02-16 21:52:30,039-com.mchange.v2.async.ThreadPoolAsynchronousRunner$DeadlockDetector@3de3a840 -- Running DeadlockDetector[Exiting. No pending tasks.]
[DEBUG]2016-02-16 21:52:40,047-com.mchange.v2.async.ThreadPoolAsynchronousRunner$DeadlockDetector@3de3a840 -- Running DeadlockDetector[Exiting. No pending tasks.]
[DEBUG]2016-02-16 21:52:50,050-com.mchange.v2.async.ThreadPoolAsynchronousRunner$DeadlockDetector@3de3a840 -- Running DeadlockDetector[Exiting. No pending tasks.]
[DEBUG]2016-02-16 21:53:00,059-com.mchange.v2.async.ThreadPoolAsynchronousRunner$DeadlockDetector@3de3a840 -- Running DeadlockDetector[Exiting. No pending tasks.]
[DEBUG]2016-02-16 21:53:01,872-trace com.mchange.v2.resourcepool.BasicResourcePool@2ca44b35 [managed: 3, unused: 2, excluded: 0] (e.g. com.mchange.v2.c3p0.impl.NewPooledConnection@2b38113d)
[DEBUG]2016-02-16 21:53:01,872-com.mchange.v2.async.ThreadPoolAsynchronousRunner@4d182e1e: Adding task to queue -- com.mchange.v2.resourcepool.BasicResourcePool$1RefurbishCheckinResourceTask@7ee19158
[DEBUG]2016-02-16 21:53:01,872-Testing PooledConnection [com.mchange.v2.c3p0.impl.NewPooledConnection@2b38113d] on CHECKIN.
[DEBUG]2016-02-16 21:53:01,872-trace com.mchange.v2.resourcepool.BasicResourcePool@2ca44b35 [managed: 3, unused: 2, excluded: 0] (e.g. com.mchange.v2.c3p0.impl.NewPooledConnection@2b38113d)
[DEBUG]2016-02-16 21:53:01,872-Test of PooledConnection [com.mchange.v2.c3p0.impl.NewPooledConnection@2b38113d] on CHECKIN has SUCCEEDED.
[DEBUG]2016-02-16 21:53:10,070-com.mchange.v2.async.ThreadPoolAsynchronousRunner$DeadlockDetector@3de3a840 -- Running DeadlockDetector[Exiting. No pending tasks.]
[DEBUG]2016-02-16 21:53:14,564-trace com.mchange.v2.resourcepool.BasicResourcePool@2ca44b35 [managed: 3, unused: 2, excluded: 0] (e.g. com.mchange.v2.c3p0.impl.NewPooledConnection@2b38113d)
[DEBUG]2016-02-16 21:53:14,564-com.mchange.v2.async.ThreadPoolAsynchronousRunner@4d182e1e: Adding task to queue -- com.mchange.v2.resourcepool.BasicResourcePool$1RefurbishCheckinResourceTask@34c33760
[DEBUG]2016-02-16 21:53:14,564-Testing PooledConnection [com.mchange.v2.c3p0.impl.NewPooledConnection@2b38113d] on CHECKIN.
[DEBUG]2016-02-16 21:53:14,564-trace com.mchange.v2.resourcepool.BasicResourcePool@2ca44b35 [managed: 3, unused: 2, excluded: 0] (e.g. com.mchange.v2.c3p0.impl.NewPooledConnection@2b38113d)
[DEBUG]2016-02-16 21:53:14,564-Test of PooledConnection [com.mchange.v2.c3p0.impl.NewPooledConnection@2b38113d] on CHECKIN has SUCCEEDED.
[DEBUG]2016-02-16 21:53:20,074-com.mchange.v2.async.ThreadPoolAsynchronousRunner$DeadlockDetector@3de3a840 -- Running DeadlockDetector[Exiting. No pending tasks.]
[DEBUG]2016-02-16 21:53:30,087-com.mchange.v2.async.ThreadPoolAsynchronousRunner$DeadlockDetector@3de3a840 -- Running DeadlockDetector[Exiting. No pending tasks.]
[DEBUG]2016-02-16 21:53:40,093-com.mchange.v2.async.ThreadPoolAsynchronousRunner$DeadlockDetector@3de3a840 -- Running DeadlockDetector[Exiting. No pending tasks.]
[DEBUG]2016-02-16 21:53:50,096-com.mchange.v2.async.ThreadPoolAsynchronousRunner$DeadlockDetector@3de3a840 -- Running DeadlockDetector[Exiting. No pending tasks.]
[DEBUG]2016-02-16 21:54:00,109-com.mchange.v2.async.ThreadPoolAsynchronousRunner$DeadlockDetector@3de3a840 -- Running DeadlockDetector[Exiting. No pending tasks.]
[DEBUG]2016-02-16 21:54:10,120-com.mchange.v2.async.ThreadPoolAsynchronousRunner$DeadlockDetector@3de3a840 -- Running DeadlockDetector[Exiting. No pending tasks.]
[ERROR]2016-02-16 21:54:15,846-18477182683号段表中没有匹配
[DEBUG]2016-02-16 21:54:20,124-com.mchange.v2.async.ThreadPoolAsynchronousRunner$DeadlockDetector@3de3a840 -- Running DeadlockDetector[Exiting. No pending tasks.]
[DEBUG]2016-02-16 21:54:25,039-trace com.mchange.v2.resourcepool.BasicResourcePool@2ca44b35 [managed: 3, unused: 2, excluded: 0] (e.g. com.mchange.v2.c3p0.impl.NewPooledConnection@2b38113d)
[DEBUG]2016-02-16 21:54:25,119-com.mchange.v2.c3p0.impl.NewPooledConnection@2b38113d handling a throwable.
com.mysql.jdbc.exceptions.jdbc4.MySQLIntegrityConstraintViolationException: Duplicate entry 'A145291674048827904' for key 'PRIMARY'
	at sun.reflect.NativeConstructorAccessorImpl.newInstance0(Native Method)
	at sun.reflect.NativeConstructorAccessorImpl.newInstance(NativeConstructorAccessorImpl.java:57)
	at sun.reflect.DelegatingConstructorAccessorImpl.newInstance(DelegatingConstructorAccessorImpl.java:45)
	at java.lang.reflect.Constructor.newInstance(Constructor.java:526)
	at com.mysql.jdbc.Util.handleNewInstance(Util.java:411)
	at com.mysql.jdbc.Util.getInstance(Util.java:386)
	at com.mysql.jdbc.SQLError.createSQLException(SQLError.java:1039)
	at com.mysql.jdbc.MysqlIO.checkErrorPacket(MysqlIO.java:3609)
	at com.mysql.jdbc.MysqlIO.checkErrorPacket(MysqlIO.java:3541)
	at com.mysql.jdbc.MysqlIO.sendCommand(MysqlIO.java:2002)
	at com.mysql.jdbc.MysqlIO.sqlQueryDirect(MysqlIO.java:2163)
	at com.mysql.jdbc.ConnectionImpl.execSQL(ConnectionImpl.java:2624)
	at com.mysql.jdbc.PreparedStatement.executeInternal(PreparedStatement.java:2127)
	at com.mysql.jdbc.PreparedStatement.executeUpdate(PreparedStatement.java:2427)
	at com.mysql.jdbc.PreparedStatement.executeUpdate(PreparedStatement.java:2345)
	at com.mysql.jdbc.PreparedStatement.executeUpdate(PreparedStatement.java:2330)
	at com.mchange.v2.c3p0.impl.NewProxyPreparedStatement.executeUpdate(NewProxyPreparedStatement.java:410)
	at com.bjym.mobiledata.db.LogSendDaoImp.addLogsend(LogSendDaoImp.java:56)
	at com.bjym.mobiledata.taskdispatcher.ThreadPoolTask.dispatcherTask(ThreadPoolTask.java:126)
	at com.bjym.mobiledata.taskdispatcher.ThreadPoolTask.run(ThreadPoolTask.java:42)
	at java.util.concurrent.ThreadPoolExecutor.runWorker(ThreadPoolExecutor.java:1145)
	at java.util.concurrent.ThreadPoolExecutor$Worker.run(ThreadPoolExecutor.java:615)
	at java.lang.Thread.run(Thread.java:745)
[DEBUG]2016-02-16 21:54:25,135-Attempted to convert SQLException to SQLException. Leaving it alone. [SQLState: 23000; errorCode: 1062]
com.mysql.jdbc.exceptions.jdbc4.MySQLIntegrityConstraintViolationException: Duplicate entry 'A145291674048827904' for key 'PRIMARY'
	at sun.reflect.NativeConstructorAccessorImpl.newInstance0(Native Method)
	at sun.reflect.NativeConstructorAccessorImpl.newInstance(NativeConstructorAccessorImpl.java:57)
	at sun.reflect.DelegatingConstructorAccessorImpl.newInstance(DelegatingConstructorAccessorImpl.java:45)
	at java.lang.reflect.Constructor.newInstance(Constructor.java:526)
	at com.mysql.jdbc.Util.handleNewInstance(Util.java:411)
	at com.mysql.jdbc.Util.getInstance(Util.java:386)
	at com.mysql.jdbc.SQLError.createSQLException(SQLError.java:1039)
	at com.mysql.jdbc.MysqlIO.checkErrorPacket(MysqlIO.java:3609)
	at com.mysql.jdbc.MysqlIO.checkErrorPacket(MysqlIO.java:3541)
	at com.mysql.jdbc.MysqlIO.sendCommand(MysqlIO.java:2002)
	at com.mysql.jdbc.MysqlIO.sqlQueryDirect(MysqlIO.java:2163)
	at com.mysql.jdbc.ConnectionImpl.execSQL(ConnectionImpl.java:2624)
	at com.mysql.jdbc.PreparedStatement.executeInternal(PreparedStatement.java:2127)
	at com.mysql.jdbc.PreparedStatement.executeUpdate(PreparedStatement.java:2427)
	at com.mysql.jdbc.PreparedStatement.executeUpdate(PreparedStatement.java:2345)
	at com.mysql.jdbc.PreparedStatement.executeUpdate(PreparedStatement.java:2330)
	at com.mchange.v2.c3p0.impl.NewProxyPreparedStatement.executeUpdate(NewProxyPreparedStatement.java:410)
	at com.bjym.mobiledata.db.LogSendDaoImp.addLogsend(LogSendDaoImp.java:56)
	at com.bjym.mobiledata.taskdispatcher.ThreadPoolTask.dispatcherTask(ThreadPoolTask.java:126)
	at com.bjym.mobiledata.taskdispatcher.ThreadPoolTask.run(ThreadPoolTask.java:42)
	at java.util.concurrent.ThreadPoolExecutor.runWorker(ThreadPoolExecutor.java:1145)
	at java.util.concurrent.ThreadPoolExecutor$Worker.run(ThreadPoolExecutor.java:615)
	at java.lang.Thread.run(Thread.java:745)
[DEBUG]2016-02-16 21:54:25,150-Testing a Connection in response to an Exception:
com.mysql.jdbc.exceptions.jdbc4.MySQLIntegrityConstraintViolationException: Duplicate entry 'A145291674048827904' for key 'PRIMARY'
	at sun.reflect.NativeConstructorAccessorImpl.newInstance0(Native Method)
	at sun.reflect.NativeConstructorAccessorImpl.newInstance(NativeConstructorAccessorImpl.java:57)
	at sun.reflect.DelegatingConstructorAccessorImpl.newInstance(DelegatingConstructorAccessorImpl.java:45)
	at java.lang.reflect.Constructor.newInstance(Constructor.java:526)
	at com.mysql.jdbc.Util.handleNewInstance(Util.java:411)
	at com.mysql.jdbc.Util.getInstance(Util.java:386)
	at com.mysql.jdbc.SQLError.createSQLException(SQLError.java:1039)
	at com.mysql.jdbc.MysqlIO.checkErrorPacket(MysqlIO.java:3609)
	at com.mysql.jdbc.MysqlIO.checkErrorPacket(MysqlIO.java:3541)
	at com.mysql.jdbc.MysqlIO.sendCommand(MysqlIO.java:2002)
	at com.mysql.jdbc.MysqlIO.sqlQueryDirect(MysqlIO.java:2163)
	at com.mysql.jdbc.ConnectionImpl.execSQL(ConnectionImpl.java:2624)
	at com.mysql.jdbc.PreparedStatement.executeInternal(PreparedStatement.java:2127)
	at com.mysql.jdbc.PreparedStatement.executeUpdate(PreparedStatement.java:2427)
	at com.mysql.jdbc.PreparedStatement.executeUpdate(PreparedStatement.java:2345)
	at com.mysql.jdbc.PreparedStatement.executeUpdate(PreparedStatement.java:2330)
	at com.mchange.v2.c3p0.impl.NewProxyPreparedStatement.executeUpdate(NewProxyPreparedStatement.java:410)
	at com.bjym.mobiledata.db.LogSendDaoImp.addLogsend(LogSendDaoImp.java:56)
	at com.bjym.mobiledata.taskdispatcher.ThreadPoolTask.dispatcherTask(ThreadPoolTask.java:126)
	at com.bjym.mobiledata.taskdispatcher.ThreadPoolTask.run(ThreadPoolTask.java:42)
	at java.util.concurrent.ThreadPoolExecutor.runWorker(ThreadPoolExecutor.java:1145)
	at java.util.concurrent.ThreadPoolExecutor$Worker.run(ThreadPoolExecutor.java:615)
	at java.lang.Thread.run(Thread.java:745)
[DEBUG]2016-02-16 21:54:25,204-com.mchange.v2.async.ThreadPoolAsynchronousRunner@4d182e1e: Adding task to queue -- com.mchange.v2.resourcepool.BasicResourcePool$1RefurbishCheckinResourceTask@156b7537
[DEBUG]2016-02-16 21:54:25,204-Testing PooledConnection [com.mchange.v2.c3p0.impl.NewPooledConnection@2b38113d] on CHECKIN.
[DEBUG]2016-02-16 21:54:25,204-trace com.mchange.v2.resourcepool.BasicResourcePool@2ca44b35 [managed: 3, unused: 2, excluded: 0] (e.g. com.mchange.v2.c3p0.impl.NewPooledConnection@2b38113d)
[DEBUG]2016-02-16 21:54:25,204-Test of PooledConnection [com.mchange.v2.c3p0.impl.NewPooledConnection@2b38113d] on CHECKIN has SUCCEEDED.
[DEBUG]2016-02-16 21:54:30,126-com.mchange.v2.async.ThreadPoolAsynchronousRunner$DeadlockDetector@3de3a840 -- Running DeadlockDetector[Exiting. No pending tasks.]
