[INFO ]2016-01-25 09:34:58,616-从list:task:submit队列中获取1个任务
[INFO ]2016-01-25 09:34:59,460-MLog clients using log4j logging.
[INFO ]2016-01-25 09:35:00,614-Initializing c3p0-0.9.5.1 [built 16-June-2015 00:06:36 -0700; debug? true; trace: 10]
[INFO ]2016-01-25 09:35:00,974-Initializing c3p0 pool... com.mchange.v2.c3p0.ComboPooledDataSource [ acquireIncrement -> 2, acquireRetryAttempts -> 60, acquireRetryDelay -> 3000, autoCommitOnClose -> false, automaticTestTable -> null, breakAfterAcquireFailure -> false, checkoutTimeout -> 0, connectionCustomizerClassName -> null, connectionTesterClassName -> com.mchange.v2.c3p0.impl.DefaultConnectionTester, contextClassLoaderSource -> caller, dataSourceName -> 1hge6f59ewuv0y51eb0cmw|22157ace, debugUnreturnedConnectionStackTraces -> false, description -> null, driverClass -> com.mysql.jdbc.Driver, extensions -> {}, factoryClassLocation -> null, forceIgnoreUnresolvedTransactions -> false, forceSynchronousCheckins -> false, forceUseNamedDriverClass -> false, identityToken -> 1hge6f59ewuv0y51eb0cmw|22157ace, idleConnectionTestPeriod -> 600, initialPoolSize -> 3, jdbcUrl -> jdbc:mysql://127.0.0.1:3306/db_client, maxAdministrativeTaskTime -> 0, maxConnectionAge -> 0, maxIdleTime -> 6000, maxIdleTimeExcessConnections -> 0, maxPoolSize -> 10, maxStatements -> 0, maxStatementsPerConnection -> 0, minPoolSize -> 3, numHelperThreads -> 3, preferredTestQuery -> select sysdate() from dual, privilegeSpawnedThreads -> false, properties -> {user=******, password=******}, propertyCycle -> 300, statementCacheNumDeferredCloseThreads -> 0, testConnectionOnCheckin -> true, testConnectionOnCheckout -> false, unreturnedConnectionTimeout -> 0, userOverrides -> {}, usesTraditionalReflectiveProxies -> false ]
[INFO ]2016-01-25 09:35:02,253-clientid:10002015,supporttype:0,isp_id:0,packagesize:2,province:0001
[INFO ]2016-01-25 09:35:02,253- select vcode ,pcode, packagesize, realcode, assignprice, dprice, isp_id from packagerelation where status = 1 and clientid = ? and supporttype >= ? and isp_id = ? and packagesize >= ? and assignprice = ? and ((province = '0000' and FIND_IN_SET(?, delprovince)=0) or (FIND_IN_SET(?, province)!=0)) order by weight DESC ,(assignprice - dprice) desc  limit 1
[INFO ]2016-01-25 09:35:02,706-A145189356830347513,13810727157派发至list:gateway:zw_qw_0000网关队列
[INFO ]2016-01-25 10:11:45,745-从list:task:submit队列中获取1个任务
[INFO ]2016-01-25 10:11:45,808-MLog clients using log4j logging.
[INFO ]2016-01-25 10:11:46,307-Initializing c3p0-0.9.5.1 [built 16-June-2015 00:06:36 -0700; debug? true; trace: 10]
[INFO ]2016-01-25 10:11:46,417-Initializing c3p0 pool... com.mchange.v2.c3p0.ComboPooledDataSource [ acquireIncrement -> 2, acquireRetryAttempts -> 60, acquireRetryDelay -> 3000, autoCommitOnClose -> false, automaticTestTable -> null, breakAfterAcquireFailure -> false, checkoutTimeout -> 0, connectionCustomizerClassName -> null, connectionTesterClassName -> com.mchange.v2.c3p0.impl.DefaultConnectionTester, contextClassLoaderSource -> caller, dataSourceName -> 1hge6f59eww6b7j1boadpn|5a311ade, debugUnreturnedConnectionStackTraces -> false, description -> null, driverClass -> com.mysql.jdbc.Driver, extensions -> {}, factoryClassLocation -> null, forceIgnoreUnresolvedTransactions -> false, forceSynchronousCheckins -> false, forceUseNamedDriverClass -> false, identityToken -> 1hge6f59eww6b7j1boadpn|5a311ade, idleConnectionTestPeriod -> 600, initialPoolSize -> 3, jdbcUrl -> jdbc:mysql://127.0.0.1:3306/db_client, maxAdministrativeTaskTime -> 0, maxConnectionAge -> 0, maxIdleTime -> 6000, maxIdleTimeExcessConnections -> 0, maxPoolSize -> 10, maxStatements -> 0, maxStatementsPerConnection -> 0, minPoolSize -> 3, numHelperThreads -> 3, preferredTestQuery -> select sysdate() from dual, privilegeSpawnedThreads -> false, properties -> {user=******, password=******}, propertyCycle -> 300, statementCacheNumDeferredCloseThreads -> 0, testConnectionOnCheckin -> true, testConnectionOnCheckout -> false, unreturnedConnectionTimeout -> 0, userOverrides -> {}, usesTraditionalReflectiveProxies -> false ]
[INFO ]2016-01-25 10:11:46,635-clientid:10002015,supporttype:0,isp_id:0,packagesize:2,province:0001
[INFO ]2016-01-25 10:11:46,635- select vcode ,pcode, packagesize, realcode, assignprice, dprice, isp_id from packagerelation where status = 1 and clientid = ? and supporttype >= ? and isp_id = ? and packagesize >= ? and assignprice = ? and ((province = '0000' and FIND_IN_SET(?, delprovince)=0) or (FIND_IN_SET(?, province)!=0)) order by weight DESC ,(assignprice - dprice) desc  limit 1
[INFO ]2016-01-25 10:11:46,931-A145189356830347513,13810727157派发至list:gateway:gd_440000网关队列
[INFO ]2016-01-25 10:33:28,581-从list:task:submit队列中获取1个任务
[INFO ]2016-01-25 10:38:47,369-从list:task:submit队列中获取1个任务
[INFO ]2016-01-25 10:39:50,655-从list:task:submit队列中获取1个任务
[INFO ]2016-01-25 10:39:50,706-MLog clients using log4j logging.
[INFO ]2016-01-25 10:39:51,190-Initializing c3p0-0.9.5.1 [built 16-June-2015 00:06:36 -0700; debug? true; trace: 10]
[INFO ]2016-01-25 10:39:51,299-Initializing c3p0 pool... com.mchange.v2.c3p0.ComboPooledDataSource [ acquireIncrement -> 2, acquireRetryAttempts -> 60, acquireRetryDelay -> 3000, autoCommitOnClose -> false, automaticTestTable -> null, breakAfterAcquireFailure -> false, checkoutTimeout -> 0, connectionCustomizerClassName -> null, connectionTesterClassName -> com.mchange.v2.c3p0.impl.DefaultConnectionTester, contextClassLoaderSource -> caller, dataSourceName -> 1hge6f59ewx6fa91457shi|5a311ade, debugUnreturnedConnectionStackTraces -> false, description -> null, driverClass -> com.mysql.jdbc.Driver, extensions -> {}, factoryClassLocation -> null, forceIgnoreUnresolvedTransactions -> false, forceSynchronousCheckins -> false, forceUseNamedDriverClass -> false, identityToken -> 1hge6f59ewx6fa91457shi|5a311ade, idleConnectionTestPeriod -> 600, initialPoolSize -> 3, jdbcUrl -> jdbc:mysql://127.0.0.1:3306/db_client, maxAdministrativeTaskTime -> 0, maxConnectionAge -> 0, maxIdleTime -> 6000, maxIdleTimeExcessConnections -> 0, maxPoolSize -> 10, maxStatements -> 0, maxStatementsPerConnection -> 0, minPoolSize -> 3, numHelperThreads -> 3, preferredTestQuery -> select sysdate() from dual, privilegeSpawnedThreads -> false, properties -> {user=******, password=******}, propertyCycle -> 300, statementCacheNumDeferredCloseThreads -> 0, testConnectionOnCheckin -> true, testConnectionOnCheckout -> false, unreturnedConnectionTimeout -> 0, userOverrides -> {}, usesTraditionalReflectiveProxies -> false ]
[INFO ]2016-01-25 10:39:51,517-clientid:10002015,supporttype:0,isp_id:0,packagesize:2,province:0001
[INFO ]2016-01-25 10:39:51,517- select vcode ,pcode, packagesize, realcode, assignprice, dprice, isp_id from packagerelation where status = 1 and clientid = ? and supporttype >= ? and isp_id = ? and packagesize >= ? and assignprice = ? and ((province = '0000' and FIND_IN_SET(?, delprovince)=0) or (FIND_IN_SET(?, province)!=0)) order by weight DESC ,(assignprice - dprice) desc  limit 1
[INFO ]2016-01-25 10:39:51,720-A145189356830347513,13810727157派发至list:gateway:gd_440000网关队列
[INFO ]2016-01-25 10:58:34,413-从list:task:submit队列中获取1个任务
[INFO ]2016-01-25 10:58:34,429-clientid:10002015,supporttype:0,isp_id:0,packagesize:2,province:0001
[INFO ]2016-01-25 10:58:34,429- select vcode ,pcode, packagesize, realcode, assignprice, dprice, isp_id from packagerelation where status = 1 and clientid = ? and supporttype >= ? and isp_id = ? and packagesize >= ? and assignprice = ? and ((province = '0000' and FIND_IN_SET(?, delprovince)=0) or (FIND_IN_SET(?, province)!=0)) order by weight DESC ,(assignprice - dprice) desc  limit 1
[INFO ]2016-01-25 10:58:34,602-A145189356830347513,13810727157派发至list:gateway:gd_440000网关队列
[INFO ]2016-01-25 11:12:52,693-从list:task:submit队列中获取1个任务
[INFO ]2016-01-25 11:12:52,693-clientid:10002015,supporttype:0,isp_id:0,packagesize:2,province:0001
[INFO ]2016-01-25 11:12:52,693- select vcode ,pcode, packagesize, realcode, assignprice, dprice, isp_id from packagerelation where status = 1 and clientid = ? and supporttype >= ? and isp_id = ? and packagesize >= ? and assignprice = ? and ((province = '0000' and FIND_IN_SET(?, delprovince)=0) or (FIND_IN_SET(?, province)!=0)) order by weight DESC ,(assignprice - dprice) desc  limit 1
[INFO ]2016-01-25 11:12:53,038-A145189356830347513,13810727157派发至list:gateway:gd_440000网关队列
[INFO ]2016-01-25 11:18:46,987-从list:task:submit队列中获取1个任务
[INFO ]2016-01-25 11:18:46,987-clientid:10002003,supporttype:0,isp_id:0,packagesize:10,province:0001
[INFO ]2016-01-25 11:18:46,987- select vcode ,pcode, packagesize, realcode, assignprice, dprice, isp_id from packagerelation where status = 1 and clientid = ? and supporttype >= ? and isp_id = ? and packagesize >= ? and assignprice = ? and ((province = '0000' and FIND_IN_SET(?, delprovince)=0) or (FIND_IN_SET(?, province)!=0)) order by weight DESC ,(assignprice - dprice) desc  limit 1
[INFO ]2016-01-25 11:18:47,565-C145248227018288614,13810986627派发至list:gateway:cmpp_qw_0000网关队列
[INFO ]2016-01-25 11:31:45,611-从list:task:submit队列中获取1个任务
[INFO ]2016-01-25 11:31:45,675-MLog clients using log4j logging.
[INFO ]2016-01-25 11:31:46,190-Initializing c3p0-0.9.5.1 [built 16-June-2015 00:06:36 -0700; debug? true; trace: 10]
[INFO ]2016-01-25 11:31:46,299-Initializing c3p0 pool... com.mchange.v2.c3p0.ComboPooledDataSource [ acquireIncrement -> 2, acquireRetryAttempts -> 60, acquireRetryDelay -> 3000, autoCommitOnClose -> false, automaticTestTable -> null, breakAfterAcquireFailure -> false, checkoutTimeout -> 0, connectionCustomizerClassName -> null, connectionTesterClassName -> com.mchange.v2.c3p0.impl.DefaultConnectionTester, contextClassLoaderSource -> caller, dataSourceName -> 1hge6f59ewz16t6xt0hdw|391fc13d, debugUnreturnedConnectionStackTraces -> false, description -> null, driverClass -> com.mysql.jdbc.Driver, extensions -> {}, factoryClassLocation -> null, forceIgnoreUnresolvedTransactions -> false, forceSynchronousCheckins -> false, forceUseNamedDriverClass -> false, identityToken -> 1hge6f59ewz16t6xt0hdw|391fc13d, idleConnectionTestPeriod -> 600, initialPoolSize -> 3, jdbcUrl -> jdbc:mysql://127.0.0.1:3306/db_client, maxAdministrativeTaskTime -> 0, maxConnectionAge -> 0, maxIdleTime -> 6000, maxIdleTimeExcessConnections -> 0, maxPoolSize -> 10, maxStatements -> 0, maxStatementsPerConnection -> 0, minPoolSize -> 3, numHelperThreads -> 3, preferredTestQuery -> select sysdate() from dual, privilegeSpawnedThreads -> false, properties -> {user=******, password=******}, propertyCycle -> 300, statementCacheNumDeferredCloseThreads -> 0, testConnectionOnCheckin -> true, testConnectionOnCheckout -> false, unreturnedConnectionTimeout -> 0, userOverrides -> {}, usesTraditionalReflectiveProxies -> false ]
[INFO ]2016-01-25 11:31:46,533-clientid:10002003,supporttype:0,isp_id:0,packagesize:10,province:0001
[INFO ]2016-01-25 11:31:46,533- select vcode ,pcode, packagesize, realcode, assignprice, dprice, isp_id from packagerelation where status = 1 and clientid = ? and supporttype >= ? and isp_id = ? and packagesize >= ? and assignprice = ? and ((province = '0000' and FIND_IN_SET(?, delprovince)=0) or (FIND_IN_SET(?, province)!=0)) order by weight DESC ,(assignprice - dprice) desc  limit 1
[INFO ]2016-01-25 11:31:47,048-F14524831613846015,13810986627派发至list:gateway:cmpp_qw_0000网关队列
[INFO ]2016-01-25 11:33:05,712-从list:task:submit队列中获取1个任务
[INFO ]2016-01-25 11:33:05,760-MLog clients using log4j logging.
[INFO ]2016-01-25 11:33:06,259-Initializing c3p0-0.9.5.1 [built 16-June-2015 00:06:36 -0700; debug? true; trace: 10]
[INFO ]2016-01-25 11:33:06,368-Initializing c3p0 pool... com.mchange.v2.c3p0.ComboPooledDataSource [ acquireIncrement -> 2, acquireRetryAttempts -> 60, acquireRetryDelay -> 3000, autoCommitOnClose -> false, automaticTestTable -> null, breakAfterAcquireFailure -> false, checkoutTimeout -> 0, connectionCustomizerClassName -> null, connectionTesterClassName -> com.mchange.v2.c3p0.impl.DefaultConnectionTester, contextClassLoaderSource -> caller, dataSourceName -> 1hge6f59ewz2wlr15sqe8|6dbd984, debugUnreturnedConnectionStackTraces -> false, description -> null, driverClass -> com.mysql.jdbc.Driver, extensions -> {}, factoryClassLocation -> null, forceIgnoreUnresolvedTransactions -> false, forceSynchronousCheckins -> false, forceUseNamedDriverClass -> false, identityToken -> 1hge6f59ewz2wlr15sqe8|6dbd984, idleConnectionTestPeriod -> 600, initialPoolSize -> 3, jdbcUrl -> jdbc:mysql://127.0.0.1:3306/db_client, maxAdministrativeTaskTime -> 0, maxConnectionAge -> 0, maxIdleTime -> 6000, maxIdleTimeExcessConnections -> 0, maxPoolSize -> 10, maxStatements -> 0, maxStatementsPerConnection -> 0, minPoolSize -> 3, numHelperThreads -> 3, preferredTestQuery -> select sysdate() from dual, privilegeSpawnedThreads -> false, properties -> {user=******, password=******}, propertyCycle -> 300, statementCacheNumDeferredCloseThreads -> 0, testConnectionOnCheckin -> true, testConnectionOnCheckout -> false, unreturnedConnectionTimeout -> 0, userOverrides -> {}, usesTraditionalReflectiveProxies -> false ]
[INFO ]2016-01-25 11:33:06,587-clientid:10002003,supporttype:0,isp_id:0,packagesize:10,province:0001
[INFO ]2016-01-25 11:33:06,587- select vcode ,pcode, packagesize, realcode, assignprice, dprice, isp_id from packagerelation where status = 1 and clientid = ? and supporttype >= ? and isp_id = ? and packagesize >= ? and assignprice = ? and ((province = '0000' and FIND_IN_SET(?, delprovince)=0) or (FIND_IN_SET(?, province)!=0)) order by weight DESC ,(assignprice - dprice) desc  limit 1
[INFO ]2016-01-25 11:33:06,743-C145248323972269664,13810986627派发至list:gateway:cmpp_qw_0000网关队列
[INFO ]2016-01-25 11:38:45,793-从list:task:submit队列中获取1个任务
[INFO ]2016-01-25 11:38:45,793-clientid:10002015,supporttype:0,isp_id:0,packagesize:2,province:0001
[INFO ]2016-01-25 11:38:45,793- select vcode ,pcode, packagesize, realcode, assignprice, dprice, isp_id from packagerelation where status = 1 and clientid = ? and supporttype >= ? and isp_id = ? and packagesize >= ? and assignprice = ? and ((province = '0000' and FIND_IN_SET(?, delprovince)=0) or (FIND_IN_SET(?, province)!=0)) order by weight DESC ,(assignprice - dprice) desc  limit 1
[INFO ]2016-01-25 11:38:45,950-A145189356830347513,13810727157派发至list:gateway:gd_440000网关队列
[INFO ]2016-01-25 11:39:33,296-从list:task:submit队列中获取1个任务
[INFO ]2016-01-25 11:39:33,296-clientid:10002003,supporttype:0,isp_id:0,packagesize:10,province:0001
[INFO ]2016-01-25 11:39:33,296- select vcode ,pcode, packagesize, realcode, assignprice, dprice, isp_id from packagerelation where status = 1 and clientid = ? and supporttype >= ? and isp_id = ? and packagesize >= ? and assignprice = ? and ((province = '0000' and FIND_IN_SET(?, delprovince)=0) or (FIND_IN_SET(?, province)!=0)) order by weight DESC ,(assignprice - dprice) desc  limit 1
[INFO ]2016-01-25 11:39:33,390-F145248362405482191,13810986627派发至list:gateway:cmpp_qw_0000网关队列
[INFO ]2016-01-25 11:51:00,708-从list:task:submit队列中获取1个任务
[INFO ]2016-01-25 11:51:00,708-clientid:10002003,supporttype:0,isp_id:0,packagesize:10,province:0001
[INFO ]2016-01-25 11:51:00,708- select vcode ,pcode, packagesize, realcode, assignprice, dprice, isp_id from packagerelation where status = 1 and clientid = ? and supporttype >= ? and isp_id = ? and packagesize >= ? and assignprice = ? and ((province = '0000' and FIND_IN_SET(?, delprovince)=0) or (FIND_IN_SET(?, province)!=0)) order by weight DESC ,(assignprice - dprice) desc  limit 1
[INFO ]2016-01-25 11:51:01,239-C145248429266043181,13810986627派发至list:gateway:cmpp_qw_0000网关队列
[INFO ]2016-01-25 11:58:11,292-从list:task:submit队列中获取1个任务
[INFO ]2016-01-25 11:58:11,292-clientid:10002003,supporttype:0,isp_id:0,packagesize:10,province:0001
[INFO ]2016-01-25 11:58:11,292- select vcode ,pcode, packagesize, realcode, assignprice, dprice, isp_id from packagerelation where status = 1 and clientid = ? and supporttype >= ? and isp_id = ? and packagesize >= ? and assignprice = ? and ((province = '0000' and FIND_IN_SET(?, delprovince)=0) or (FIND_IN_SET(?, province)!=0)) order by weight DESC ,(assignprice - dprice) desc  limit 1
[INFO ]2016-01-25 11:58:11,486-B145248468203153403,13810986627派发至list:gateway:cmpp_qw_0000网关队列
[INFO ]2016-01-25 12:02:49,003-从list:task:submit队列中获取1个任务
[INFO ]2016-01-25 12:02:49,003-clientid:10002003,supporttype:0,isp_id:0,packagesize:10,province:0001
[INFO ]2016-01-25 12:02:49,003- select vcode ,pcode, packagesize, realcode, assignprice, dprice, isp_id from packagerelation where status = 1 and clientid = ? and supporttype >= ? and isp_id = ? and packagesize >= ? and assignprice = ? and ((province = '0000' and FIND_IN_SET(?, delprovince)=0) or (FIND_IN_SET(?, province)!=0)) order by weight DESC ,(assignprice - dprice) desc  limit 1
[INFO ]2016-01-25 12:02:49,597-F14524849572261967,13810986627派发至list:gateway:cmpp_qw_0000网关队列
[INFO ]2016-01-25 12:50:42,980-从list:task:submit队列中获取1个任务
[INFO ]2016-01-25 12:50:42,980-clientid:10002003,supporttype:0,isp_id:0,packagesize:2,province:0001
[INFO ]2016-01-25 12:50:42,980- select vcode ,pcode, packagesize, realcode, assignprice, dprice, isp_id from packagerelation where status = 1 and clientid = ? and supporttype >= ? and isp_id = ? and packagesize >= ? and assignprice = ? and ((province = '0000' and FIND_IN_SET(?, delprovince)=0) or (FIND_IN_SET(?, province)!=0)) order by weight DESC ,(assignprice - dprice) desc  limit 1
[INFO ]2016-01-25 12:50:43,558-D145369749501184307,13810986627派发至list:gateway:gd_440000网关队列
[INFO ]2016-01-25 13:30:48,951-从list:task:submit队列中获取1个任务
[INFO ]2016-01-25 13:30:49,014-MLog clients using log4j logging.
[INFO ]2016-01-25 13:30:49,513-Initializing c3p0-0.9.5.1 [built 16-June-2015 00:06:36 -0700; debug? true; trace: 10]
[INFO ]2016-01-25 13:30:49,622-Initializing c3p0 pool... com.mchange.v2.c3p0.ComboPooledDataSource [ acquireIncrement -> 2, acquireRetryAttempts -> 60, acquireRetryDelay -> 3000, autoCommitOnClose -> false, automaticTestTable -> null, breakAfterAcquireFailure -> false, checkoutTimeout -> 0, connectionCustomizerClassName -> null, connectionTesterClassName -> com.mchange.v2.c3p0.impl.DefaultConnectionTester, contextClassLoaderSource -> caller, dataSourceName -> 1hge6f59ex3aamtu49p5q|6898bfe6, debugUnreturnedConnectionStackTraces -> false, description -> null, driverClass -> com.mysql.jdbc.Driver, extensions -> {}, factoryClassLocation -> null, forceIgnoreUnresolvedTransactions -> false, forceSynchronousCheckins -> false, forceUseNamedDriverClass -> false, identityToken -> 1hge6f59ex3aamtu49p5q|6898bfe6, idleConnectionTestPeriod -> 600, initialPoolSize -> 3, jdbcUrl -> jdbc:mysql://127.0.0.1:3306/db_client, maxAdministrativeTaskTime -> 0, maxConnectionAge -> 0, maxIdleTime -> 6000, maxIdleTimeExcessConnections -> 0, maxPoolSize -> 10, maxStatements -> 0, maxStatementsPerConnection -> 0, minPoolSize -> 3, numHelperThreads -> 3, preferredTestQuery -> select sysdate() from dual, privilegeSpawnedThreads -> false, properties -> {user=******, password=******}, propertyCycle -> 300, statementCacheNumDeferredCloseThreads -> 0, testConnectionOnCheckin -> true, testConnectionOnCheckout -> false, unreturnedConnectionTimeout -> 0, userOverrides -> {}, usesTraditionalReflectiveProxies -> false ]
[INFO ]2016-01-25 13:30:49,856-clientid:10002003,supporttype:0,isp_id:0,packagesize:2,province:0001
[INFO ]2016-01-25 13:30:49,856- select vcode ,pcode, packagesize, realcode, assignprice, dprice, isp_id from packagerelation where status = 1 and clientid = ? and supporttype >= ? and isp_id = ? and packagesize >= ? and assignprice = ? and ((province = '0000' and FIND_IN_SET(?, delprovince)=0) or (FIND_IN_SET(?, province)!=0)) order by weight DESC ,(assignprice - dprice) desc  limit 1
[INFO ]2016-01-25 13:30:50,465-E145369989897376996,13810986627派发至list:gateway:gd_440000网关队列
[INFO ]2016-01-25 13:33:23,783-从list:task:submit队列中获取1个任务
[INFO ]2016-01-25 13:33:23,783-clientid:10002015,supporttype:0,isp_id:0,packagesize:2,province:0001
[INFO ]2016-01-25 13:33:23,783- select vcode ,pcode, packagesize, realcode, assignprice, dprice, isp_id from packagerelation where status = 1 and clientid = ? and supporttype >= ? and isp_id = ? and packagesize >= ? and assignprice = ? and ((province = '0000' and FIND_IN_SET(?, delprovince)=0) or (FIND_IN_SET(?, province)!=0)) order by weight DESC ,(assignprice - dprice) desc  limit 1
[INFO ]2016-01-25 13:33:24,034-A145189356830347513,13810727157派发至list:gateway:gd_440000网关队列
[INFO ]2016-01-25 13:36:58,003-从list:task:submit队列中获取1个任务
[INFO ]2016-01-25 13:36:58,019-clientid:10002003,supporttype:0,isp_id:0,packagesize:2,province:0001
[INFO ]2016-01-25 13:36:58,019- select vcode ,pcode, packagesize, realcode, assignprice, dprice, isp_id from packagerelation where status = 1 and clientid = ? and supporttype >= ? and isp_id = ? and packagesize >= ? and assignprice = ? and ((province = '0000' and FIND_IN_SET(?, delprovince)=0) or (FIND_IN_SET(?, province)!=0)) order by weight DESC ,(assignprice - dprice) desc  limit 1
[INFO ]2016-01-25 13:36:58,410-D145370027085394954,13810986627派发至list:gateway:zw_qw_0000网关队列
[INFO ]2016-01-25 16:34:46,779-从list:task:submit队列中获取1个任务
[INFO ]2016-01-25 16:34:48,636-MLog clients using log4j logging.
[INFO ]2016-01-25 16:34:50,899-Initializing c3p0-0.9.5.1 [built 16-June-2015 00:06:36 -0700; debug? true; trace: 10]
[INFO ]2016-01-25 16:34:51,524-Initializing c3p0 pool... com.mchange.v2.c3p0.ComboPooledDataSource [ acquireIncrement -> 2, acquireRetryAttempts -> 60, acquireRetryDelay -> 3000, autoCommitOnClose -> false, automaticTestTable -> null, breakAfterAcquireFailure -> false, checkoutTimeout -> 0, connectionCustomizerClassName -> null, connectionTesterClassName -> com.mchange.v2.c3p0.impl.DefaultConnectionTester, contextClassLoaderSource -> caller, dataSourceName -> 1hge6f59ex9uxd810o9920|d1735f5, debugUnreturnedConnectionStackTraces -> false, description -> null, driverClass -> com.mysql.jdbc.Driver, extensions -> {}, factoryClassLocation -> null, forceIgnoreUnresolvedTransactions -> false, forceSynchronousCheckins -> false, forceUseNamedDriverClass -> false, identityToken -> 1hge6f59ex9uxd810o9920|d1735f5, idleConnectionTestPeriod -> 600, initialPoolSize -> 3, jdbcUrl -> jdbc:mysql://127.0.0.1:3306/db_client, maxAdministrativeTaskTime -> 0, maxConnectionAge -> 0, maxIdleTime -> 6000, maxIdleTimeExcessConnections -> 0, maxPoolSize -> 10, maxStatements -> 0, maxStatementsPerConnection -> 0, minPoolSize -> 3, numHelperThreads -> 3, preferredTestQuery -> select sysdate() from dual, privilegeSpawnedThreads -> false, properties -> {user=******, password=******}, propertyCycle -> 300, statementCacheNumDeferredCloseThreads -> 0, testConnectionOnCheckin -> true, testConnectionOnCheckout -> false, unreturnedConnectionTimeout -> 0, userOverrides -> {}, usesTraditionalReflectiveProxies -> false ]
[INFO ]2016-01-25 16:34:53,292-clientid:10002003,supporttype:0,isp_id:0,packagesize:2,province:0001
[INFO ]2016-01-25 16:34:53,292- select vcode ,pcode, packagesize, realcode, assignprice, dprice, isp_id from packagerelation where status = 1 and clientid = ? and supporttype >= ? and isp_id = ? and packagesize >= ? and assignprice = ? and ((province = '0000' and FIND_IN_SET(?, delprovince)=0) or (FIND_IN_SET(?, province)!=0)) order by weight DESC ,(assignprice - dprice) desc  limit 1
[INFO ]2016-01-25 16:34:54,026-F145371093568692898,13701366878派发至list:gateway:cmpp_qw_0000网关队列
[INFO ]2016-01-25 16:39:27,207-从list:task:submit队列中获取1个任务
[INFO ]2016-01-25 16:39:27,207-clientid:10002003,supporttype:0,isp_id:0,packagesize:2,province:0001
[INFO ]2016-01-25 16:39:27,222- select vcode ,pcode, packagesize, realcode, assignprice, dprice, isp_id from packagerelation where status = 1 and clientid = ? and supporttype >= ? and isp_id = ? and packagesize >= ? and assignprice = ? and ((province = '0000' and FIND_IN_SET(?, delprovince)=0) or (FIND_IN_SET(?, province)!=0)) order by weight DESC ,(assignprice - dprice) desc  limit 1
[INFO ]2016-01-25 16:39:27,410-F145371121923166197,13701366878派发至list:gateway:cmpp_qw_0000网关队列
[INFO ]2016-01-25 16:43:28,737-从list:task:submit队列中获取1个任务
[INFO ]2016-01-25 16:43:28,737-clientid:10002003,supporttype:0,isp_id:0,packagesize:2,province:0001
[INFO ]2016-01-25 16:43:28,737- select vcode ,pcode, packagesize, realcode, assignprice, dprice, isp_id from packagerelation where status = 1 and clientid = ? and supporttype >= ? and isp_id = ? and packagesize >= ? and assignprice = ? and ((province = '0000' and FIND_IN_SET(?, delprovince)=0) or (FIND_IN_SET(?, province)!=0)) order by weight DESC ,(assignprice - dprice) desc  limit 1
[INFO ]2016-01-25 16:43:28,894-A145371146045131856,13701366878派发至list:gateway:cmpp_qw_0000网关队列
[INFO ]2016-01-25 17:24:08,051-从list:task:submit队列中获取3个任务
[INFO ]2016-01-25 17:24:08,130-MLog clients using log4j logging.
[INFO ]2016-01-25 17:24:08,785-Initializing c3p0-0.9.5.1 [built 16-June-2015 00:06:36 -0700; debug? true; trace: 10]
[INFO ]2016-01-25 17:24:08,925-Initializing c3p0 pool... com.mchange.v2.c3p0.ComboPooledDataSource [ acquireIncrement -> 2, acquireRetryAttempts -> 60, acquireRetryDelay -> 3000, autoCommitOnClose -> false, automaticTestTable -> null, breakAfterAcquireFailure -> false, checkoutTimeout -> 0, connectionCustomizerClassName -> null, connectionTesterClassName -> com.mchange.v2.c3p0.impl.DefaultConnectionTester, contextClassLoaderSource -> caller, dataSourceName -> 1hge6f59exbmcfl6xcdwb|70c722ad, debugUnreturnedConnectionStackTraces -> false, description -> null, driverClass -> com.mysql.jdbc.Driver, extensions -> {}, factoryClassLocation -> null, forceIgnoreUnresolvedTransactions -> false, forceSynchronousCheckins -> false, forceUseNamedDriverClass -> false, identityToken -> 1hge6f59exbmcfl6xcdwb|70c722ad, idleConnectionTestPeriod -> 600, initialPoolSize -> 3, jdbcUrl -> jdbc:mysql://127.0.0.1:3306/db_client, maxAdministrativeTaskTime -> 0, maxConnectionAge -> 0, maxIdleTime -> 6000, maxIdleTimeExcessConnections -> 0, maxPoolSize -> 10, maxStatements -> 0, maxStatementsPerConnection -> 0, minPoolSize -> 3, numHelperThreads -> 3, preferredTestQuery -> select sysdate() from dual, privilegeSpawnedThreads -> false, properties -> {user=******, password=******}, propertyCycle -> 300, statementCacheNumDeferredCloseThreads -> 0, testConnectionOnCheckin -> true, testConnectionOnCheckout -> false, unreturnedConnectionTimeout -> 0, userOverrides -> {}, usesTraditionalReflectiveProxies -> false ]
[INFO ]2016-01-25 17:24:09,253-clientid:10002003,supporttype:0,isp_id:0,packagesize:2,province:0001
[INFO ]2016-01-25 17:24:09,253- select vcode ,pcode, packagesize, realcode, assignprice, dprice, isp_id from packagerelation where status = 1 and clientid = ? and supporttype >= ? and isp_id = ? and packagesize >= ? and assignprice = ? and ((province = '0000' and FIND_IN_SET(?, delprovince)=0) or (FIND_IN_SET(?, province)!=0)) order by weight DESC ,(assignprice - dprice) desc  limit 1
[INFO ]2016-01-25 17:24:09,253-clientid:10002003,supporttype:0,isp_id:0,packagesize:2,province:0001
[INFO ]2016-01-25 17:24:09,301- select vcode ,pcode, packagesize, realcode, assignprice, dprice, isp_id from packagerelation where status = 1 and clientid = ? and supporttype >= ? and isp_id = ? and packagesize >= ? and assignprice = ? and ((province = '0000' and FIND_IN_SET(?, delprovince)=0) or (FIND_IN_SET(?, province)!=0)) order by weight DESC ,(assignprice - dprice) desc  limit 1
[INFO ]2016-01-25 17:24:09,301-clientid:10002003,supporttype:0,isp_id:0,packagesize:2,province:0001
[INFO ]2016-01-25 17:24:09,301- select vcode ,pcode, packagesize, realcode, assignprice, dprice, isp_id from packagerelation where status = 1 and clientid = ? and supporttype >= ? and isp_id = ? and packagesize >= ? and assignprice = ? and ((province = '0000' and FIND_IN_SET(?, delprovince)=0) or (FIND_IN_SET(?, province)!=0)) order by weight DESC ,(assignprice - dprice) desc  limit 1
[INFO ]2016-01-25 17:24:09,644-E145371320738123970,13701366878派发至list:gateway:cmpp_qw_0000网关队列
[INFO ]2016-01-25 17:24:09,660-F145371367749354346,13701366878派发至list:gateway:cmpp_qw_0000网关队列
[INFO ]2016-01-25 17:24:09,909-C145371167908318479,13701366878派发至list:gateway:cmpp_qw_0000网关队列
[INFO ]2016-01-25 17:29:19,051-从list:task:submit队列中获取1个任务
[INFO ]2016-01-25 17:29:19,114-MLog clients using log4j logging.
[INFO ]2016-01-25 17:29:19,785-Initializing c3p0-0.9.5.1 [built 16-June-2015 00:06:36 -0700; debug? true; trace: 10]
[INFO ]2016-01-25 17:29:19,925-Initializing c3p0 pool... com.mchange.v2.c3p0.ComboPooledDataSource [ acquireIncrement -> 2, acquireRetryAttempts -> 60, acquireRetryDelay -> 3000, autoCommitOnClose -> false, automaticTestTable -> null, breakAfterAcquireFailure -> false, checkoutTimeout -> 0, connectionCustomizerClassName -> null, connectionTesterClassName -> com.mchange.v2.c3p0.impl.DefaultConnectionTester, contextClassLoaderSource -> caller, dataSourceName -> 1hge6f59exbt0egg74fbv|4ddb1314, debugUnreturnedConnectionStackTraces -> false, description -> null, driverClass -> com.mysql.jdbc.Driver, extensions -> {}, factoryClassLocation -> null, forceIgnoreUnresolvedTransactions -> false, forceSynchronousCheckins -> false, forceUseNamedDriverClass -> false, identityToken -> 1hge6f59exbt0egg74fbv|4ddb1314, idleConnectionTestPeriod -> 600, initialPoolSize -> 3, jdbcUrl -> jdbc:mysql://127.0.0.1:3306/db_client, maxAdministrativeTaskTime -> 0, maxConnectionAge -> 0, maxIdleTime -> 6000, maxIdleTimeExcessConnections -> 0, maxPoolSize -> 10, maxStatements -> 0, maxStatementsPerConnection -> 0, minPoolSize -> 3, numHelperThreads -> 3, preferredTestQuery -> select sysdate() from dual, privilegeSpawnedThreads -> false, properties -> {user=******, password=******}, propertyCycle -> 300, statementCacheNumDeferredCloseThreads -> 0, testConnectionOnCheckin -> true, testConnectionOnCheckout -> false, unreturnedConnectionTimeout -> 0, userOverrides -> {}, usesTraditionalReflectiveProxies -> false ]
[INFO ]2016-01-25 17:29:20,300-clientid:10002015,supporttype:0,isp_id:0,packagesize:2,province:0001
[INFO ]2016-01-25 17:29:20,300- select vcode ,pcode, packagesize, realcode, assignprice, dprice, isp_id from packagerelation where status = 1 and clientid = ? and supporttype >= ? and isp_id = ? and packagesize >= ? and assignprice = ? and ((province = '0000' and FIND_IN_SET(?, delprovince)=0) or (FIND_IN_SET(?, province)!=0)) order by weight DESC ,(assignprice - dprice) desc  limit 1
[INFO ]2016-01-25 17:29:20,503-A145189356830347513,13810727157派发至list:gateway:gd_440000网关队列
[INFO ]2016-01-25 17:55:59,435-从list:task:submit队列中获取1个任务
[INFO ]2016-01-25 17:55:59,483-MLog clients using log4j logging.
[INFO ]2016-01-25 17:55:59,998-Initializing c3p0-0.9.5.1 [built 16-June-2015 00:06:36 -0700; debug? true; trace: 10]
[INFO ]2016-01-25 17:56:00,107-Initializing c3p0 pool... com.mchange.v2.c3p0.ComboPooledDataSource [ acquireIncrement -> 2, acquireRetryAttempts -> 60, acquireRetryDelay -> 3000, autoCommitOnClose -> false, automaticTestTable -> null, breakAfterAcquireFailure -> false, checkoutTimeout -> 0, connectionCustomizerClassName -> null, connectionTesterClassName -> com.mchange.v2.c3p0.impl.DefaultConnectionTester, contextClassLoaderSource -> caller, dataSourceName -> 1hge6f59excrb8qh4p1tx|39dc25c9, debugUnreturnedConnectionStackTraces -> false, description -> null, driverClass -> com.mysql.jdbc.Driver, extensions -> {}, factoryClassLocation -> null, forceIgnoreUnresolvedTransactions -> false, forceSynchronousCheckins -> false, forceUseNamedDriverClass -> false, identityToken -> 1hge6f59excrb8qh4p1tx|39dc25c9, idleConnectionTestPeriod -> 600, initialPoolSize -> 3, jdbcUrl -> jdbc:mysql://127.0.0.1:3306/db_client, maxAdministrativeTaskTime -> 0, maxConnectionAge -> 0, maxIdleTime -> 6000, maxIdleTimeExcessConnections -> 0, maxPoolSize -> 10, maxStatements -> 0, maxStatementsPerConnection -> 0, minPoolSize -> 3, numHelperThreads -> 3, preferredTestQuery -> select sysdate() from dual, privilegeSpawnedThreads -> false, properties -> {user=******, password=******}, propertyCycle -> 300, statementCacheNumDeferredCloseThreads -> 0, testConnectionOnCheckin -> true, testConnectionOnCheckout -> false, unreturnedConnectionTimeout -> 0, userOverrides -> {}, usesTraditionalReflectiveProxies -> false ]
[INFO ]2016-01-25 17:56:00,481-clientid:10002003,supporttype:0,isp_id:0,packagesize:2,province:0001
[INFO ]2016-01-25 17:56:00,481- select vcode ,pcode, packagesize, realcode, assignprice, dprice, isp_id from packagerelation where status = 1 and clientid = ? and supporttype >= ? and isp_id = ? and packagesize >= ? and assignprice = ? and ((province = '0000' and FIND_IN_SET(?, delprovince)=0) or (FIND_IN_SET(?, province)!=0)) order by weight DESC ,(assignprice - dprice) desc  limit 1
[INFO ]2016-01-25 17:56:01,137-C145371580968979096,13701366878派发至list:gateway:cmpp_qw_0000网关队列
[INFO ]2016-01-25 18:02:45,079-从list:task:submit队列中获取1个任务
[INFO ]2016-01-25 18:02:45,095-clientid:10002015,supporttype:0,isp_id:0,packagesize:2,province:0001
[INFO ]2016-01-25 18:02:45,095- select vcode ,pcode, packagesize, realcode, assignprice, dprice, isp_id from packagerelation where status = 1 and clientid = ? and supporttype >= ? and isp_id = ? and packagesize >= ? and assignprice = ? and ((province = '0000' and FIND_IN_SET(?, delprovince)=0) or (FIND_IN_SET(?, province)!=0)) order by weight DESC ,(assignprice - dprice) desc  limit 1
[INFO ]2016-01-25 18:02:45,361-A145189356830347513,13810727157派发至list:gateway:gd_440000网关队列
